<?xml version="1.0" encoding="UTF-8"?>
<coverage generated="1750514201405" clover="3.2.0">
  <project timestamp="1750514201405" name="All files">
    <metrics statements="341" coveredstatements="341" conditionals="117" coveredconditionals="116" methods="17" coveredmethods="17" elements="475" coveredelements="474" complexity="0" loc="341" ncloc="341" packages="5" files="5" classes="5"/>
    <package name="b92">
      <metrics statements="70" coveredstatements="70" conditionals="39" coveredconditionals="39" methods="4" coveredmethods="4"/>
      <file name="index.ts" path="/Users/danpisarev/Development/nuclear-crypto/src/protocols/b92/index.ts">
        <metrics statements="70" coveredstatements="70" conditionals="39" coveredconditionals="39" methods="4" coveredmethods="4"/>
        <line num="13" count="950" type="cond" truecount="1" falsecount="0"/>
        <line num="14" count="950" type="cond" truecount="2" falsecount="0"/>
        <line num="15" count="950" type="stmt"/>
        <line num="17" count="7" type="cond" truecount="1" falsecount="0"/>
        <line num="20" count="7" type="stmt"/>
        <line num="21" count="7" type="stmt"/>
        <line num="22" count="7" type="stmt"/>
        <line num="24" count="7" type="cond" truecount="1" falsecount="0"/>
        <line num="25" count="950" type="stmt"/>
        <line num="26" count="950" type="stmt"/>
        <line num="27" count="950" type="cond" truecount="2" falsecount="0"/>
        <line num="28" count="950" type="stmt"/>
        <line num="30" count="7" type="stmt"/>
        <line num="31" count="7" type="stmt"/>
        <line num="33" count="950" type="cond" truecount="1" falsecount="0"/>
        <line num="35" count="950" type="cond" truecount="2" falsecount="0"/>
        <line num="39" count="950" type="stmt"/>
        <line num="41" count="950" type="cond" truecount="2" falsecount="0"/>
        <line num="43" count="950" type="cond" truecount="3" falsecount="0"/>
        <line num="44" count="950" type="cond" truecount="3" falsecount="0"/>
        <line num="46" count="233" type="stmt"/>
        <line num="47" count="233" type="stmt"/>
        <line num="49" count="1" type="cond" truecount="1" falsecount="0"/>
        <line num="50" count="7" type="stmt"/>
        <line num="51" count="7" type="stmt"/>
        <line num="52" count="7" type="stmt"/>
        <line num="53" count="7" type="stmt"/>
        <line num="54" count="7" type="stmt"/>
        <line num="55" count="7" type="stmt"/>
        <line num="56" count="7" type="stmt"/>
        <line num="58" count="7" type="stmt"/>
        <line num="59" count="7" type="stmt"/>
        <line num="61" count="7" type="cond" truecount="1" falsecount="0"/>
        <line num="62" count="950" type="stmt"/>
        <line num="65" count="950" type="cond" truecount="1" falsecount="0"/>
        <line num="66" count="200" type="cond" truecount="2" falsecount="0"/>
        <line num="67" count="200" type="stmt"/>
        <line num="69" count="200" type="stmt"/>
        <line num="71" count="200" type="cond" truecount="1" falsecount="0"/>
        <line num="72" count="105" type="stmt"/>
        <line num="74" count="200" type="cond" truecount="1" falsecount="0"/>
        <line num="76" count="95" type="stmt"/>
        <line num="77" count="95" type="cond" truecount="2" falsecount="0"/>
        <line num="78" count="95" type="cond" truecount="2" falsecount="0"/>
        <line num="79" count="95" type="cond" truecount="1" falsecount="0"/>
        <line num="82" count="95" type="cond" truecount="2" falsecount="0"/>
        <line num="83" count="68" type="cond" truecount="2" falsecount="0"/>
        <line num="84" count="50" type="cond" truecount="2" falsecount="0"/>
        <line num="85" count="95" type="stmt"/>
        <line num="86" count="950" type="cond" truecount="1" falsecount="0"/>
        <line num="87" count="750" type="stmt"/>
        <line num="88" count="750" type="stmt"/>
        <line num="89" count="750" type="stmt"/>
        <line num="92" count="950" type="stmt"/>
        <line num="93" count="950" type="cond" truecount="1" falsecount="0"/>
        <line num="94" count="247" type="stmt"/>
        <line num="95" count="247" type="stmt"/>
        <line num="96" count="247" type="stmt"/>
        <line num="97" count="950" type="stmt"/>
        <line num="99" count="7" type="cond" truecount="1" falsecount="0"/>
        <line num="100" count="7" type="stmt"/>
        <line num="102" count="7" type="stmt"/>
        <line num="103" count="7" type="stmt"/>
        <line num="104" count="7" type="stmt"/>
        <line num="105" count="7" type="stmt"/>
        <line num="106" count="7" type="stmt"/>
        <line num="107" count="7" type="stmt"/>
        <line num="108" count="7" type="stmt"/>
        <line num="110" count="7" type="stmt"/>
        <line num="111" count="7" type="stmt"/>
      </file>
    </package>
    <package name="bb84">
      <metrics statements="52" coveredstatements="52" conditionals="12" coveredconditionals="11" methods="1" coveredmethods="1"/>
      <file name="index.ts" path="/Users/danpisarev/Development/nuclear-crypto/src/protocols/bb84/index.ts">
        <metrics statements="52" coveredstatements="52" conditionals="12" coveredconditionals="11" methods="1" coveredmethods="1"/>
        <line num="1" count="1" type="stmt"/>
        <line num="16" count="1" type="cond" truecount="1" falsecount="0"/>
        <line num="17" count="5" type="stmt"/>
        <line num="18" count="5" type="stmt"/>
        <line num="21" count="5" type="stmt"/>
        <line num="22" count="5" type="stmt"/>
        <line num="23" count="5" type="stmt"/>
        <line num="24" count="5" type="stmt"/>
        <line num="27" count="5" type="stmt"/>
        <line num="28" count="5" type="stmt"/>
        <line num="29" count="5" type="cond" truecount="1" falsecount="0"/>
        <line num="30" count="2" type="stmt"/>
        <line num="31" count="2" type="cond" truecount="1" falsecount="0"/>
        <line num="32" count="220" type="cond" truecount="1" falsecount="0"/>
        <line num="33" count="121" type="cond" truecount="1" falsecount="0"/>
        <line num="34" count="99" type="stmt"/>
        <line num="35" count="2" type="stmt"/>
        <line num="36" count="2" type="stmt"/>
        <line num="37" count="2" type="stmt"/>
        <line num="38" count="2" type="stmt"/>
        <line num="39" count="2" type="stmt"/>
        <line num="40" count="2" type="stmt"/>
        <line num="43" count="5" type="stmt"/>
        <line num="44" count="5" type="cond" truecount="1" falsecount="0"/>
        <line num="45" count="570" type="cond" truecount="1" falsecount="0"/>
        <line num="46" count="281" type="cond" truecount="1" falsecount="0"/>
        <line num="47" count="289" type="stmt"/>
        <line num="48" count="5" type="stmt"/>
        <line num="50" count="5" type="stmt"/>
        <line num="51" count="5" type="stmt"/>
        <line num="54" count="5" type="stmt"/>
        <line num="55" count="5" type="stmt"/>
        <line num="56" count="5" type="stmt"/>
        <line num="58" count="5" type="cond" truecount="1" falsecount="0"/>
        <line num="59" count="570" type="cond" truecount="1" falsecount="0"/>
        <line num="60" count="302" type="stmt"/>
        <line num="61" count="302" type="stmt"/>
        <line num="62" count="302" type="cond" truecount="1" falsecount="0"/>
        <line num="63" count="302" type="stmt"/>
        <line num="64" count="570" type="stmt"/>
        <line num="66" count="5" type="cond" truecount="0" falsecount="1"/>
        <line num="67" count="5" type="stmt"/>
        <line num="69" count="5" type="stmt"/>
        <line num="70" count="5" type="stmt"/>
        <line num="71" count="5" type="stmt"/>
        <line num="72" count="5" type="stmt"/>
        <line num="74" count="5" type="stmt"/>
        <line num="75" count="5" type="stmt"/>
        <line num="76" count="5" type="stmt"/>
        <line num="77" count="5" type="stmt"/>
        <line num="78" count="5" type="stmt"/>
        <line num="79" count="5" type="stmt"/>
      </file>
    </package>
    <package name="e91">
      <metrics statements="58" coveredstatements="58" conditionals="14" coveredconditionals="14" methods="4" coveredmethods="4"/>
      <file name="index.ts" path="/Users/danpisarev/Development/nuclear-crypto/src/protocols/e91/index.ts">
        <metrics statements="58" coveredstatements="58" conditionals="14" coveredconditionals="14" methods="4" coveredmethods="4"/>
        <line num="16" count="2500" type="cond" truecount="1" falsecount="0"/>
        <line num="17" count="2500" type="cond" truecount="2" falsecount="0"/>
        <line num="18" count="2500" type="stmt"/>
        <line num="20" count="1500" type="cond" truecount="1" falsecount="0"/>
        <line num="21" count="1500" type="stmt"/>
        <line num="22" count="1500" type="stmt"/>
        <line num="23" count="1500" type="stmt"/>
        <line num="25" count="1500" type="cond" truecount="1" falsecount="0"/>
        <line num="26" count="1500" type="stmt"/>
        <line num="27" count="1500" type="stmt"/>
        <line num="28" count="1500" type="stmt"/>
        <line num="30" count="1" type="cond" truecount="1" falsecount="0"/>
        <line num="31" count="8" type="stmt"/>
        <line num="32" count="8" type="stmt"/>
        <line num="33" count="8" type="stmt"/>
        <line num="36" count="8" type="stmt"/>
        <line num="37" count="8" type="stmt"/>
        <line num="38" count="8" type="stmt"/>
        <line num="39" count="8" type="stmt"/>
        <line num="40" count="8" type="stmt"/>
        <line num="41" count="8" type="stmt"/>
        <line num="42" count="8" type="stmt"/>
        <line num="43" count="8" type="stmt"/>
        <line num="44" count="8" type="stmt"/>
        <line num="46" count="8" type="cond" truecount="1" falsecount="0"/>
        <line num="48" count="1500" type="stmt"/>
        <line num="49" count="1500" type="stmt"/>
        <line num="50" count="1500" type="stmt"/>
        <line num="51" count="1500" type="stmt"/>
        <line num="53" count="1500" type="stmt"/>
        <line num="54" count="1500" type="cond" truecount="2" falsecount="0"/>
        <line num="57" count="1500" type="cond" truecount="1" falsecount="0"/>
        <line num="59" count="500" type="stmt"/>
        <line num="60" count="500" type="stmt"/>
        <line num="61" count="500" type="stmt"/>
        <line num="63" count="1500" type="stmt"/>
        <line num="64" count="1500" type="stmt"/>
        <line num="66" count="1500" type="stmt"/>
        <line num="67" count="1500" type="cond" truecount="2" falsecount="0"/>
        <line num="68" count="1336" type="cond" truecount="1" falsecount="0"/>
        <line num="70" count="1500" type="cond" truecount="1" falsecount="0"/>
        <line num="71" count="349" type="stmt"/>
        <line num="72" count="349" type="stmt"/>
        <line num="73" count="349" type="stmt"/>
        <line num="74" count="349" type="stmt"/>
        <line num="75" count="349" type="stmt"/>
        <line num="76" count="1500" type="stmt"/>
        <line num="78" count="8" type="stmt"/>
        <line num="79" count="8" type="stmt"/>
        <line num="80" count="8" type="stmt"/>
        <line num="81" count="8" type="stmt"/>
        <line num="82" count="8" type="stmt"/>
        <line num="83" count="8" type="stmt"/>
        <line num="84" count="8" type="stmt"/>
        <line num="85" count="8" type="stmt"/>
        <line num="86" count="8" type="stmt"/>
        <line num="87" count="8" type="stmt"/>
        <line num="88" count="8" type="stmt"/>
      </file>
    </package>
    <package name="lm05">
      <metrics statements="83" coveredstatements="83" conditionals="29" coveredconditionals="29" methods="6" coveredmethods="6"/>
      <file name="index.ts" path="/Users/danpisarev/Development/nuclear-crypto/src/protocols/lm05/index.ts">
        <metrics statements="83" coveredstatements="83" conditionals="29" coveredconditionals="29" methods="6" coveredmethods="6"/>
        <line num="16" count="2100" type="cond" truecount="1" falsecount="0"/>
        <line num="17" count="2100" type="cond" truecount="2" falsecount="0"/>
        <line num="18" count="2100" type="stmt"/>
        <line num="20" count="2150" type="cond" truecount="1" falsecount="0"/>
        <line num="21" count="2150" type="cond" truecount="2" falsecount="0"/>
        <line num="22" count="2150" type="stmt"/>
        <line num="24" count="1050" type="cond" truecount="1" falsecount="0"/>
        <line num="25" count="1050" type="stmt"/>
        <line num="26" count="1050" type="stmt"/>
        <line num="27" count="1050" type="stmt"/>
        <line num="28" count="1050" type="stmt"/>
        <line num="29" count="1050" type="stmt"/>
        <line num="30" count="1050" type="stmt"/>
        <line num="32" count="500" type="cond" truecount="1" falsecount="0"/>
        <line num="33" count="500" type="stmt"/>
        <line num="34" count="500" type="cond" truecount="1" falsecount="0"/>
        <line num="35" count="127" type="stmt"/>
        <line num="36" count="500" type="cond" truecount="1" falsecount="0"/>
        <line num="37" count="143" type="stmt"/>
        <line num="38" count="500" type="cond" truecount="1" falsecount="0"/>
        <line num="39" count="112" type="stmt"/>
        <line num="40" count="500" type="cond" truecount="1" falsecount="0"/>
        <line num="41" count="118" type="stmt"/>
        <line num="42" count="500" type="stmt"/>
        <line num="43" count="500" type="stmt"/>
        <line num="45" count="1100" type="cond" truecount="1" falsecount="0"/>
        <line num="46" count="1100" type="stmt"/>
        <line num="47" count="1100" type="stmt"/>
        <line num="48" count="1100" type="stmt"/>
        <line num="49" count="1100" type="stmt"/>
        <line num="52" count="1100" type="cond" truecount="3" falsecount="0"/>
        <line num="54" count="1100" type="cond" truecount="2" falsecount="0"/>
        <line num="55" count="1100" type="stmt"/>
        <line num="57" count="1" type="cond" truecount="1" falsecount="0"/>
        <line num="58" count="10" type="stmt"/>
        <line num="59" count="10" type="stmt"/>
        <line num="60" count="10" type="stmt"/>
        <line num="63" count="10" type="stmt"/>
        <line num="64" count="10" type="stmt"/>
        <line num="65" count="10" type="stmt"/>
        <line num="66" count="10" type="stmt"/>
        <line num="67" count="10" type="stmt"/>
        <line num="68" count="10" type="stmt"/>
        <line num="69" count="10" type="stmt"/>
        <line num="70" count="10" type="stmt"/>
        <line num="71" count="10" type="stmt"/>
        <line num="73" count="10" type="cond" truecount="1" falsecount="0"/>
        <line num="74" count="1050" type="stmt"/>
        <line num="75" count="1050" type="stmt"/>
        <line num="76" count="1050" type="stmt"/>
        <line num="77" count="1050" type="stmt"/>
        <line num="79" count="1050" type="stmt"/>
        <line num="82" count="1050" type="cond" truecount="1" falsecount="0"/>
        <line num="83" count="550" type="stmt"/>
        <line num="84" count="550" type="stmt"/>
        <line num="85" count="550" type="stmt"/>
        <line num="86" count="550" type="stmt"/>
        <line num="88" count="1050" type="stmt"/>
        <line num="89" count="1050" type="stmt"/>
        <line num="91" count="1050" type="stmt"/>
        <line num="92" count="1050" type="cond" truecount="2" falsecount="0"/>
        <line num="95" count="1050" type="stmt"/>
        <line num="96" count="1050" type="cond" truecount="1" falsecount="0"/>
        <line num="97" count="550" type="stmt"/>
        <line num="98" count="550" type="stmt"/>
        <line num="99" count="550" type="stmt"/>
        <line num="101" count="1050" type="stmt"/>
        <line num="103" count="1050" type="cond" truecount="2" falsecount="0"/>
        <line num="104" count="1050" type="stmt"/>
        <line num="105" count="1050" type="stmt"/>
        <line num="107" count="1050" type="cond" truecount="1" falsecount="0"/>
        <line num="108" count="1050" type="stmt"/>
        <line num="110" count="10" type="stmt"/>
        <line num="111" count="10" type="stmt"/>
        <line num="112" count="10" type="stmt"/>
        <line num="113" count="10" type="stmt"/>
        <line num="114" count="10" type="stmt"/>
        <line num="115" count="10" type="stmt"/>
        <line num="116" count="10" type="stmt"/>
        <line num="117" count="10" type="stmt"/>
        <line num="118" count="10" type="cond" truecount="2" falsecount="0"/>
        <line num="119" count="10" type="stmt"/>
        <line num="120" count="10" type="stmt"/>
      </file>
    </package>
    <package name="sarg04">
      <metrics statements="78" coveredstatements="78" conditionals="23" coveredconditionals="23" methods="2" coveredmethods="2"/>
      <file name="index.ts" path="/Users/danpisarev/Development/nuclear-crypto/src/protocols/sarg04/index.ts">
        <metrics statements="78" coveredstatements="78" conditionals="23" coveredconditionals="23" methods="2" coveredmethods="2"/>
        <line num="21" count="1" type="stmt"/>
        <line num="22" count="1" type="stmt"/>
        <line num="23" count="1" type="stmt"/>
        <line num="24" count="1" type="stmt"/>
        <line num="26" count="650" type="cond" truecount="1" falsecount="0"/>
        <line num="27" count="650" type="stmt"/>
        <line num="29" count="650" type="cond" truecount="2" falsecount="0"/>
        <line num="30" count="307" type="stmt"/>
        <line num="31" count="307" type="cond" truecount="1" falsecount="0"/>
        <line num="33" count="650" type="cond" truecount="2" falsecount="0"/>
        <line num="34" count="650" type="stmt"/>
        <line num="37" count="1" type="cond" truecount="1" falsecount="0"/>
        <line num="38" count="5" type="stmt"/>
        <line num="39" count="5" type="stmt"/>
        <line num="40" count="5" type="stmt"/>
        <line num="43" count="5" type="stmt"/>
        <line num="44" count="5" type="stmt"/>
        <line num="45" count="5" type="stmt"/>
        <line num="46" count="5" type="stmt"/>
        <line num="47" count="5" type="stmt"/>
        <line num="48" count="5" type="stmt"/>
        <line num="49" count="5" type="stmt"/>
        <line num="50" count="5" type="stmt"/>
        <line num="51" count="5" type="stmt"/>
        <line num="52" count="5" type="stmt"/>
        <line num="53" count="5" type="stmt"/>
        <line num="54" count="5" type="stmt"/>
        <line num="55" count="5" type="stmt"/>
        <line num="57" count="5" type="cond" truecount="1" falsecount="0"/>
        <line num="59" count="650" type="cond" truecount="2" falsecount="0"/>
        <line num="60" count="650" type="cond" truecount="2" falsecount="0"/>
        <line num="61" count="650" type="stmt"/>
        <line num="62" count="650" type="stmt"/>
        <line num="64" count="650" type="stmt"/>
        <line num="65" count="650" type="stmt"/>
        <line num="66" count="650" type="stmt"/>
        <line num="67" count="650" type="stmt"/>
        <line num="69" count="650" type="stmt"/>
        <line num="72" count="650" type="cond" truecount="1" falsecount="0"/>
        <line num="73" count="200" type="cond" truecount="2" falsecount="0"/>
        <line num="74" count="200" type="cond" truecount="2" falsecount="0"/>
        <line num="75" count="200" type="stmt"/>
        <line num="77" count="200" type="stmt"/>
        <line num="78" count="200" type="stmt"/>
        <line num="79" count="200" type="stmt"/>
        <line num="80" count="650" type="cond" truecount="1" falsecount="0"/>
        <line num="81" count="450" type="stmt"/>
        <line num="82" count="450" type="stmt"/>
        <line num="83" count="450" type="stmt"/>
        <line num="86" count="650" type="cond" truecount="2" falsecount="0"/>
        <line num="87" count="650" type="stmt"/>
        <line num="89" count="650" type="stmt"/>
        <line num="90" count="650" type="stmt"/>
        <line num="93" count="650" type="cond" truecount="1" falsecount="0"/>
        <line num="94" count="309" type="stmt"/>
        <line num="95" count="309" type="stmt"/>
        <line num="96" count="309" type="stmt"/>
        <line num="97" count="309" type="stmt"/>
        <line num="99" count="309" type="cond" truecount="2" falsecount="0"/>
        <line num="100" count="41" type="stmt"/>
        <line num="101" count="41" type="stmt"/>
        <line num="102" count="309" type="stmt"/>
        <line num="103" count="650" type="stmt"/>
        <line num="105" count="5" type="stmt"/>
        <line num="106" count="5" type="stmt"/>
        <line num="107" count="5" type="stmt"/>
        <line num="108" count="5" type="stmt"/>
        <line num="109" count="5" type="stmt"/>
        <line num="110" count="5" type="stmt"/>
        <line num="111" count="5" type="stmt"/>
        <line num="112" count="5" type="stmt"/>
        <line num="113" count="5" type="stmt"/>
        <line num="114" count="5" type="stmt"/>
        <line num="115" count="5" type="stmt"/>
        <line num="116" count="5" type="stmt"/>
        <line num="117" count="5" type="stmt"/>
        <line num="118" count="5" type="stmt"/>
        <line num="119" count="5" type="stmt"/>
      </file>
    </package>
  </project>
</coverage>
