<?xml version="1.0" encoding="UTF-8"?>
<coverage generated="1750504151371" clover="3.2.0">
  <project timestamp="1750504151371" name="All files">
    <metrics statements="286" coveredstatements="286" conditionals="89" coveredconditionals="87" methods="16" coveredmethods="16" elements="391" coveredelements="389" complexity="0" loc="286" ncloc="286" packages="5" files="5" classes="5"/>
    <package name="b92">
      <metrics statements="48" coveredstatements="48" conditionals="22" coveredconditionals="22" methods="4" coveredmethods="4"/>
      <file name="index.ts" path="/Users/danpisarev/Development/nuclear-crypto/src/protocols/b92/index.ts">
        <metrics statements="48" coveredstatements="48" conditionals="22" coveredconditionals="22" methods="4" coveredmethods="4"/>
        <line num="13" count="550" type="cond" truecount="1" falsecount="0"/>
        <line num="14" count="550" type="cond" truecount="2" falsecount="0"/>
        <line num="15" count="550" type="stmt"/>
        <line num="17" count="5" type="cond" truecount="1" falsecount="0"/>
        <line num="20" count="5" type="stmt"/>
        <line num="21" count="5" type="stmt"/>
        <line num="22" count="5" type="stmt"/>
        <line num="24" count="5" type="cond" truecount="1" falsecount="0"/>
        <line num="25" count="550" type="stmt"/>
        <line num="26" count="550" type="stmt"/>
        <line num="27" count="550" type="cond" truecount="2" falsecount="0"/>
        <line num="28" count="550" type="stmt"/>
        <line num="30" count="5" type="stmt"/>
        <line num="31" count="5" type="stmt"/>
        <line num="33" count="550" type="cond" truecount="1" falsecount="0"/>
        <line num="35" count="550" type="cond" truecount="2" falsecount="0"/>
        <line num="39" count="550" type="stmt"/>
        <line num="41" count="550" type="cond" truecount="2" falsecount="0"/>
        <line num="43" count="550" type="cond" truecount="3" falsecount="0"/>
        <line num="44" count="550" type="cond" truecount="3" falsecount="0"/>
        <line num="46" count="158" type="stmt"/>
        <line num="47" count="158" type="stmt"/>
        <line num="49" count="1" type="cond" truecount="1" falsecount="0"/>
        <line num="50" count="5" type="stmt"/>
        <line num="51" count="5" type="stmt"/>
        <line num="52" count="5" type="stmt"/>
        <line num="53" count="5" type="stmt"/>
        <line num="55" count="5" type="cond" truecount="1" falsecount="0"/>
        <line num="56" count="550" type="stmt"/>
        <line num="57" count="550" type="stmt"/>
        <line num="58" count="550" type="stmt"/>
        <line num="59" count="550" type="cond" truecount="1" falsecount="0"/>
        <line num="60" count="126" type="stmt"/>
        <line num="61" count="126" type="stmt"/>
        <line num="62" count="126" type="stmt"/>
        <line num="63" count="550" type="stmt"/>
        <line num="64" count="550" type="stmt"/>
        <line num="66" count="5" type="cond" truecount="1" falsecount="0"/>
        <line num="67" count="5" type="stmt"/>
        <line num="69" count="5" type="stmt"/>
        <line num="70" count="5" type="stmt"/>
        <line num="71" count="5" type="stmt"/>
        <line num="72" count="5" type="stmt"/>
        <line num="73" count="5" type="stmt"/>
        <line num="74" count="5" type="stmt"/>
        <line num="75" count="5" type="stmt"/>
        <line num="76" count="5" type="stmt"/>
        <line num="77" count="5" type="stmt"/>
      </file>
    </package>
    <package name="bb84">
      <metrics statements="52" coveredstatements="52" conditionals="12" coveredconditionals="11" methods="1" coveredmethods="1"/>
      <file name="index.ts" path="/Users/danpisarev/Development/nuclear-crypto/src/protocols/bb84/index.ts">
        <metrics statements="52" coveredstatements="52" conditionals="12" coveredconditionals="11" methods="1" coveredmethods="1"/>
        <line num="1" count="1" type="stmt"/>
        <line num="16" count="1" type="cond" truecount="1" falsecount="0"/>
        <line num="17" count="5" type="stmt"/>
        <line num="18" count="5" type="stmt"/>
        <line num="21" count="5" type="stmt"/>
        <line num="22" count="5" type="stmt"/>
        <line num="23" count="5" type="stmt"/>
        <line num="24" count="5" type="stmt"/>
        <line num="27" count="5" type="stmt"/>
        <line num="28" count="5" type="stmt"/>
        <line num="29" count="5" type="cond" truecount="1" falsecount="0"/>
        <line num="30" count="2" type="stmt"/>
        <line num="31" count="2" type="cond" truecount="1" falsecount="0"/>
        <line num="32" count="220" type="cond" truecount="1" falsecount="0"/>
        <line num="33" count="104" type="cond" truecount="1" falsecount="0"/>
        <line num="34" count="116" type="stmt"/>
        <line num="35" count="2" type="stmt"/>
        <line num="36" count="2" type="stmt"/>
        <line num="37" count="2" type="stmt"/>
        <line num="38" count="2" type="stmt"/>
        <line num="39" count="2" type="stmt"/>
        <line num="40" count="2" type="stmt"/>
        <line num="43" count="5" type="stmt"/>
        <line num="44" count="5" type="cond" truecount="1" falsecount="0"/>
        <line num="45" count="570" type="cond" truecount="1" falsecount="0"/>
        <line num="46" count="310" type="cond" truecount="1" falsecount="0"/>
        <line num="47" count="260" type="stmt"/>
        <line num="48" count="5" type="stmt"/>
        <line num="50" count="5" type="stmt"/>
        <line num="51" count="5" type="stmt"/>
        <line num="54" count="5" type="stmt"/>
        <line num="55" count="5" type="stmt"/>
        <line num="56" count="5" type="stmt"/>
        <line num="58" count="5" type="cond" truecount="1" falsecount="0"/>
        <line num="59" count="570" type="cond" truecount="1" falsecount="0"/>
        <line num="60" count="288" type="stmt"/>
        <line num="61" count="288" type="stmt"/>
        <line num="62" count="288" type="cond" truecount="1" falsecount="0"/>
        <line num="63" count="288" type="stmt"/>
        <line num="64" count="570" type="stmt"/>
        <line num="66" count="5" type="cond" truecount="0" falsecount="1"/>
        <line num="67" count="5" type="stmt"/>
        <line num="69" count="5" type="stmt"/>
        <line num="70" count="5" type="stmt"/>
        <line num="71" count="5" type="stmt"/>
        <line num="72" count="5" type="stmt"/>
        <line num="74" count="5" type="stmt"/>
        <line num="75" count="5" type="stmt"/>
        <line num="76" count="5" type="stmt"/>
        <line num="77" count="5" type="stmt"/>
        <line num="78" count="5" type="stmt"/>
        <line num="79" count="5" type="stmt"/>
      </file>
    </package>
    <package name="e91">
      <metrics statements="50" coveredstatements="50" conditionals="13" coveredconditionals="13" methods="4" coveredmethods="4"/>
      <file name="index.ts" path="/Users/danpisarev/Development/nuclear-crypto/src/protocols/e91/index.ts">
        <metrics statements="50" coveredstatements="50" conditionals="13" coveredconditionals="13" methods="4" coveredmethods="4"/>
        <line num="16" count="700" type="cond" truecount="1" falsecount="0"/>
        <line num="17" count="700" type="cond" truecount="2" falsecount="0"/>
        <line num="18" count="700" type="stmt"/>
        <line num="20" count="700" type="cond" truecount="1" falsecount="0"/>
        <line num="21" count="700" type="stmt"/>
        <line num="22" count="700" type="stmt"/>
        <line num="23" count="700" type="stmt"/>
        <line num="25" count="700" type="cond" truecount="1" falsecount="0"/>
        <line num="26" count="700" type="stmt"/>
        <line num="27" count="700" type="stmt"/>
        <line num="28" count="700" type="stmt"/>
        <line num="30" count="1" type="cond" truecount="1" falsecount="0"/>
        <line num="31" count="5" type="stmt"/>
        <line num="32" count="5" type="stmt"/>
        <line num="33" count="5" type="stmt"/>
        <line num="34" count="5" type="stmt"/>
        <line num="35" count="5" type="stmt"/>
        <line num="36" count="5" type="stmt"/>
        <line num="37" count="5" type="stmt"/>
        <line num="39" count="5" type="stmt"/>
        <line num="41" count="5" type="cond" truecount="1" falsecount="0"/>
        <line num="43" count="700" type="stmt"/>
        <line num="44" count="700" type="cond" truecount="2" falsecount="0"/>
        <line num="47" count="700" type="stmt"/>
        <line num="48" count="700" type="stmt"/>
        <line num="50" count="700" type="stmt"/>
        <line num="51" count="700" type="stmt"/>
        <line num="54" count="700" type="stmt"/>
        <line num="55" count="700" type="stmt"/>
        <line num="59" count="700" type="stmt"/>
        <line num="60" count="700" type="cond" truecount="2" falsecount="0"/>
        <line num="61" count="629" type="cond" truecount="1" falsecount="0"/>
        <line num="63" count="700" type="cond" truecount="1" falsecount="0"/>
        <line num="64" count="152" type="stmt"/>
        <line num="65" count="152" type="stmt"/>
        <line num="66" count="152" type="stmt"/>
        <line num="67" count="152" type="stmt"/>
        <line num="68" count="152" type="stmt"/>
        <line num="69" count="700" type="stmt"/>
        <line num="71" count="5" type="stmt"/>
        <line num="72" count="5" type="stmt"/>
        <line num="73" count="5" type="stmt"/>
        <line num="74" count="5" type="stmt"/>
        <line num="75" count="5" type="stmt"/>
        <line num="76" count="5" type="stmt"/>
        <line num="77" count="5" type="stmt"/>
        <line num="78" count="5" type="stmt"/>
        <line num="79" count="5" type="stmt"/>
        <line num="80" count="5" type="stmt"/>
        <line num="81" count="5" type="stmt"/>
      </file>
    </package>
    <package name="lm05">
      <metrics statements="58" coveredstatements="58" conditionals="19" coveredconditionals="18" methods="5" coveredmethods="5"/>
      <file name="index.ts" path="/Users/danpisarev/Development/nuclear-crypto/src/protocols/lm05/index.ts">
        <metrics statements="58" coveredstatements="58" conditionals="19" coveredconditionals="18" methods="5" coveredmethods="5"/>
        <line num="15" count="600" type="cond" truecount="1" falsecount="0"/>
        <line num="16" count="600" type="cond" truecount="2" falsecount="0"/>
        <line num="17" count="600" type="stmt"/>
        <line num="19" count="300" type="cond" truecount="1" falsecount="0"/>
        <line num="20" count="300" type="cond" truecount="2" falsecount="0"/>
        <line num="21" count="300" type="stmt"/>
        <line num="23" count="300" type="cond" truecount="1" falsecount="0"/>
        <line num="24" count="300" type="stmt"/>
        <line num="25" count="300" type="stmt"/>
        <line num="26" count="300" type="stmt"/>
        <line num="27" count="300" type="stmt"/>
        <line num="28" count="300" type="stmt"/>
        <line num="29" count="300" type="stmt"/>
        <line num="31" count="148" type="cond" truecount="1" falsecount="0"/>
        <line num="32" count="148" type="stmt"/>
        <line num="33" count="148" type="cond" truecount="1" falsecount="0"/>
        <line num="34" count="32" type="stmt"/>
        <line num="35" count="148" type="cond" truecount="1" falsecount="0"/>
        <line num="36" count="38" type="stmt"/>
        <line num="37" count="148" type="cond" truecount="1" falsecount="0"/>
        <line num="38" count="39" type="stmt"/>
        <line num="39" count="148" type="cond" truecount="1" falsecount="0"/>
        <line num="40" count="39" type="stmt"/>
        <line num="41" count="148" type="stmt"/>
        <line num="42" count="148" type="stmt"/>
        <line num="44" count="1" type="cond" truecount="1" falsecount="0"/>
        <line num="45" count="5" type="stmt"/>
        <line num="46" count="5" type="stmt"/>
        <line num="47" count="5" type="stmt"/>
        <line num="48" count="5" type="stmt"/>
        <line num="49" count="5" type="stmt"/>
        <line num="50" count="5" type="stmt"/>
        <line num="51" count="5" type="stmt"/>
        <line num="53" count="5" type="cond" truecount="1" falsecount="0"/>
        <line num="54" count="300" type="stmt"/>
        <line num="55" count="300" type="stmt"/>
        <line num="56" count="300" type="stmt"/>
        <line num="58" count="300" type="stmt"/>
        <line num="59" count="300" type="stmt"/>
        <line num="60" count="300" type="stmt"/>
        <line num="62" count="300" type="stmt"/>
        <line num="63" count="300" type="cond" truecount="2" falsecount="0"/>
        <line num="64" count="300" type="stmt"/>
        <line num="66" count="300" type="stmt"/>
        <line num="67" count="300" type="cond" truecount="2" falsecount="0"/>
        <line num="68" count="300" type="stmt"/>
        <line num="70" count="300" type="cond" truecount="0" falsecount="1"/>
        <line num="71" count="300" type="stmt"/>
        <line num="73" count="5" type="stmt"/>
        <line num="74" count="5" type="stmt"/>
        <line num="75" count="5" type="stmt"/>
        <line num="76" count="5" type="stmt"/>
        <line num="77" count="5" type="stmt"/>
        <line num="78" count="5" type="stmt"/>
        <line num="79" count="5" type="stmt"/>
        <line num="80" count="5" type="stmt"/>
        <line num="81" count="5" type="stmt"/>
        <line num="82" count="5" type="stmt"/>
      </file>
    </package>
    <package name="sarg04">
      <metrics statements="78" coveredstatements="78" conditionals="23" coveredconditionals="23" methods="2" coveredmethods="2"/>
      <file name="index.ts" path="/Users/danpisarev/Development/nuclear-crypto/src/protocols/sarg04/index.ts">
        <metrics statements="78" coveredstatements="78" conditionals="23" coveredconditionals="23" methods="2" coveredmethods="2"/>
        <line num="21" count="1" type="stmt"/>
        <line num="22" count="1" type="stmt"/>
        <line num="23" count="1" type="stmt"/>
        <line num="24" count="1" type="stmt"/>
        <line num="26" count="650" type="cond" truecount="1" falsecount="0"/>
        <line num="27" count="650" type="stmt"/>
        <line num="29" count="650" type="cond" truecount="2" falsecount="0"/>
        <line num="30" count="342" type="stmt"/>
        <line num="31" count="342" type="cond" truecount="1" falsecount="0"/>
        <line num="33" count="650" type="cond" truecount="2" falsecount="0"/>
        <line num="34" count="650" type="stmt"/>
        <line num="37" count="1" type="cond" truecount="1" falsecount="0"/>
        <line num="38" count="5" type="stmt"/>
        <line num="39" count="5" type="stmt"/>
        <line num="40" count="5" type="stmt"/>
        <line num="43" count="5" type="stmt"/>
        <line num="44" count="5" type="stmt"/>
        <line num="45" count="5" type="stmt"/>
        <line num="46" count="5" type="stmt"/>
        <line num="47" count="5" type="stmt"/>
        <line num="48" count="5" type="stmt"/>
        <line num="49" count="5" type="stmt"/>
        <line num="50" count="5" type="stmt"/>
        <line num="51" count="5" type="stmt"/>
        <line num="52" count="5" type="stmt"/>
        <line num="53" count="5" type="stmt"/>
        <line num="54" count="5" type="stmt"/>
        <line num="55" count="5" type="stmt"/>
        <line num="57" count="5" type="cond" truecount="1" falsecount="0"/>
        <line num="59" count="650" type="cond" truecount="2" falsecount="0"/>
        <line num="60" count="650" type="cond" truecount="2" falsecount="0"/>
        <line num="61" count="650" type="stmt"/>
        <line num="62" count="650" type="stmt"/>
        <line num="64" count="650" type="stmt"/>
        <line num="65" count="650" type="stmt"/>
        <line num="66" count="650" type="stmt"/>
        <line num="67" count="650" type="stmt"/>
        <line num="69" count="650" type="stmt"/>
        <line num="72" count="650" type="cond" truecount="1" falsecount="0"/>
        <line num="73" count="200" type="cond" truecount="2" falsecount="0"/>
        <line num="74" count="200" type="cond" truecount="2" falsecount="0"/>
        <line num="75" count="200" type="stmt"/>
        <line num="77" count="200" type="stmt"/>
        <line num="78" count="200" type="stmt"/>
        <line num="79" count="200" type="stmt"/>
        <line num="80" count="650" type="cond" truecount="1" falsecount="0"/>
        <line num="81" count="450" type="stmt"/>
        <line num="82" count="450" type="stmt"/>
        <line num="83" count="450" type="stmt"/>
        <line num="86" count="650" type="cond" truecount="2" falsecount="0"/>
        <line num="87" count="650" type="stmt"/>
        <line num="89" count="650" type="stmt"/>
        <line num="90" count="650" type="stmt"/>
        <line num="93" count="650" type="cond" truecount="1" falsecount="0"/>
        <line num="94" count="349" type="stmt"/>
        <line num="95" count="349" type="stmt"/>
        <line num="96" count="349" type="stmt"/>
        <line num="97" count="349" type="stmt"/>
        <line num="99" count="349" type="cond" truecount="2" falsecount="0"/>
        <line num="100" count="50" type="stmt"/>
        <line num="101" count="50" type="stmt"/>
        <line num="102" count="349" type="stmt"/>
        <line num="103" count="650" type="stmt"/>
        <line num="105" count="5" type="stmt"/>
        <line num="106" count="5" type="stmt"/>
        <line num="107" count="5" type="stmt"/>
        <line num="108" count="5" type="stmt"/>
        <line num="109" count="5" type="stmt"/>
        <line num="110" count="5" type="stmt"/>
        <line num="111" count="5" type="stmt"/>
        <line num="112" count="5" type="stmt"/>
        <line num="113" count="5" type="stmt"/>
        <line num="114" count="5" type="stmt"/>
        <line num="115" count="5" type="stmt"/>
        <line num="116" count="5" type="stmt"/>
        <line num="117" count="5" type="stmt"/>
        <line num="118" count="5" type="stmt"/>
        <line num="119" count="5" type="stmt"/>
      </file>
    </package>
  </project>
</coverage>
