{"/Users/danpisarev/Development/nuclear-crypto/src/protocols/b92/index.ts": {"path":"/Users/danpisarev/Development/nuclear-crypto/src/protocols/b92/index.ts","all":false,"statementMap":{"12":{"start":{"line":13,"column":0},"end":{"line":13,"column":30}},"13":{"start":{"line":14,"column":0},"end":{"line":14,"column":37}},"14":{"start":{"line":15,"column":0},"end":{"line":15,"column":1}},"16":{"start":{"line":17,"column":0},"end":{"line":17,"column":49}},"19":{"start":{"line":20,"column":0},"end":{"line":20,"column":3}},"20":{"start":{"line":21,"column":0},"end":{"line":21,"column":25}},"21":{"start":{"line":22,"column":0},"end":{"line":22,"column":29}},"23":{"start":{"line":24,"column":0},"end":{"line":24,"column":36}},"24":{"start":{"line":25,"column":0},"end":{"line":25,"column":31}},"25":{"start":{"line":26,"column":0},"end":{"line":26,"column":19}},"26":{"start":{"line":27,"column":0},"end":{"line":27,"column":41}},"27":{"start":{"line":28,"column":0},"end":{"line":28,"column":3}},"29":{"start":{"line":30,"column":0},"end":{"line":30,"column":26}},"30":{"start":{"line":31,"column":0},"end":{"line":31,"column":1}},"32":{"start":{"line":33,"column":0},"end":{"line":33,"column":47}},"34":{"start":{"line":35,"column":0},"end":{"line":35,"column":72}},"38":{"start":{"line":39,"column":0},"end":{"line":39,"column":39}},"40":{"start":{"line":41,"column":0},"end":{"line":41,"column":29}},"42":{"start":{"line":43,"column":0},"end":{"line":43,"column":49}},"43":{"start":{"line":44,"column":0},"end":{"line":44,"column":49}},"45":{"start":{"line":46,"column":0},"end":{"line":46,"column":14}},"46":{"start":{"line":47,"column":0},"end":{"line":47,"column":1}},"48":{"start":{"line":49,"column":0},"end":{"line":49,"column":66}},"49":{"start":{"line":50,"column":0},"end":{"line":50,"column":50}},"50":{"start":{"line":51,"column":0},"end":{"line":51,"column":34}},"51":{"start":{"line":52,"column":0},"end":{"line":52,"column":28}},"52":{"start":{"line":53,"column":0},"end":{"line":53,"column":38}},"54":{"start":{"line":55,"column":0},"end":{"line":55,"column":36}},"55":{"start":{"line":56,"column":0},"end":{"line":56,"column":42}},"56":{"start":{"line":57,"column":0},"end":{"line":57,"column":25}},"57":{"start":{"line":58,"column":0},"end":{"line":58,"column":48}},"58":{"start":{"line":59,"column":0},"end":{"line":59,"column":28}},"59":{"start":{"line":60,"column":0},"end":{"line":60,"column":29}},"60":{"start":{"line":61,"column":0},"end":{"line":61,"column":31}},"61":{"start":{"line":62,"column":0},"end":{"line":62,"column":7}},"62":{"start":{"line":63,"column":0},"end":{"line":63,"column":5}},"63":{"start":{"line":64,"column":0},"end":{"line":64,"column":3}},"65":{"start":{"line":66,"column":0},"end":{"line":66,"column":74}},"66":{"start":{"line":67,"column":0},"end":{"line":67,"column":68}},"68":{"start":{"line":69,"column":0},"end":{"line":69,"column":10}},"69":{"start":{"line":70,"column":0},"end":{"line":70,"column":14}},"70":{"start":{"line":71,"column":0},"end":{"line":71,"column":16}},"71":{"start":{"line":72,"column":0},"end":{"line":72,"column":12}},"72":{"start":{"line":73,"column":0},"end":{"line":73,"column":19}},"73":{"start":{"line":74,"column":0},"end":{"line":74,"column":19}},"74":{"start":{"line":75,"column":0},"end":{"line":75,"column":17}},"75":{"start":{"line":76,"column":0},"end":{"line":76,"column":4}},"76":{"start":{"line":77,"column":0},"end":{"line":77,"column":1}}},"s":{"12":550,"13":550,"14":550,"16":5,"19":5,"20":5,"21":5,"23":5,"24":550,"25":550,"26":550,"27":550,"29":5,"30":5,"32":550,"34":550,"38":550,"40":550,"42":550,"43":550,"45":158,"46":158,"48":1,"49":5,"50":5,"51":5,"52":5,"54":5,"55":550,"56":550,"57":550,"58":550,"59":126,"60":126,"61":126,"62":550,"63":550,"65":5,"66":5,"68":5,"69":5,"70":5,"71":5,"72":5,"73":5,"74":5,"75":5,"76":5},"branchMap":{"0":{"type":"branch","line":13,"loc":{"start":{"line":13,"column":0},"end":{"line":15,"column":1}},"locations":[{"start":{"line":13,"column":0},"end":{"line":15,"column":1}}]},"1":{"type":"branch","line":14,"loc":{"start":{"line":14,"column":25},"end":{"line":14,"column":35}},"locations":[{"start":{"line":14,"column":25},"end":{"line":14,"column":35}}]},"2":{"type":"branch","line":14,"loc":{"start":{"line":14,"column":31},"end":{"line":14,"column":37}},"locations":[{"start":{"line":14,"column":31},"end":{"line":14,"column":37}}]},"3":{"type":"branch","line":17,"loc":{"start":{"line":17,"column":0},"end":{"line":31,"column":1}},"locations":[{"start":{"line":17,"column":0},"end":{"line":31,"column":1}}]},"4":{"type":"branch","line":24,"loc":{"start":{"line":24,"column":35},"end":{"line":28,"column":3}},"locations":[{"start":{"line":24,"column":35},"end":{"line":28,"column":3}}]},"5":{"type":"branch","line":27,"loc":{"start":{"line":27,"column":24},"end":{"line":27,"column":35}},"locations":[{"start":{"line":27,"column":24},"end":{"line":27,"column":35}}]},"6":{"type":"branch","line":27,"loc":{"start":{"line":27,"column":28},"end":{"line":27,"column":39}},"locations":[{"start":{"line":27,"column":28},"end":{"line":27,"column":39}}]},"7":{"type":"branch","line":33,"loc":{"start":{"line":33,"column":0},"end":{"line":47,"column":1}},"locations":[{"start":{"line":33,"column":0},"end":{"line":47,"column":1}}]},"8":{"type":"branch","line":35,"loc":{"start":{"line":35,"column":32},"end":{"line":35,"column":45}},"locations":[{"start":{"line":35,"column":32},"end":{"line":35,"column":45}}]},"9":{"type":"branch","line":35,"loc":{"start":{"line":35,"column":38},"end":{"line":35,"column":72}},"locations":[{"start":{"line":35,"column":38},"end":{"line":35,"column":72}}]},"10":{"type":"branch","line":41,"loc":{"start":{"line":41,"column":17},"end":{"line":41,"column":29}},"locations":[{"start":{"line":41,"column":17},"end":{"line":41,"column":29}}]},"11":{"type":"branch","line":41,"loc":{"start":{"line":41,"column":24},"end":{"line":43,"column":24}},"locations":[{"start":{"line":41,"column":24},"end":{"line":43,"column":24}}]},"12":{"type":"branch","line":43,"loc":{"start":{"line":43,"column":16},"end":{"line":43,"column":40}},"locations":[{"start":{"line":43,"column":16},"end":{"line":43,"column":40}}]},"13":{"type":"branch","line":43,"loc":{"start":{"line":43,"column":40},"end":{"line":43,"column":49}},"locations":[{"start":{"line":43,"column":40},"end":{"line":43,"column":49}}]},"14":{"type":"branch","line":43,"loc":{"start":{"line":43,"column":47},"end":{"line":44,"column":24}},"locations":[{"start":{"line":43,"column":47},"end":{"line":44,"column":24}}]},"15":{"type":"branch","line":44,"loc":{"start":{"line":44,"column":16},"end":{"line":44,"column":40}},"locations":[{"start":{"line":44,"column":16},"end":{"line":44,"column":40}}]},"16":{"type":"branch","line":44,"loc":{"start":{"line":44,"column":40},"end":{"line":44,"column":49}},"locations":[{"start":{"line":44,"column":40},"end":{"line":44,"column":49}}]},"17":{"type":"branch","line":44,"loc":{"start":{"line":44,"column":47},"end":{"line":47,"column":1}},"locations":[{"start":{"line":44,"column":47},"end":{"line":47,"column":1}}]},"18":{"type":"branch","line":49,"loc":{"start":{"line":49,"column":7},"end":{"line":77,"column":1}},"locations":[{"start":{"line":49,"column":7},"end":{"line":77,"column":1}}]},"19":{"type":"branch","line":55,"loc":{"start":{"line":55,"column":35},"end":{"line":64,"column":3}},"locations":[{"start":{"line":55,"column":35},"end":{"line":64,"column":3}}]},"20":{"type":"branch","line":59,"loc":{"start":{"line":59,"column":27},"end":{"line":62,"column":7}},"locations":[{"start":{"line":59,"column":27},"end":{"line":62,"column":7}}]},"21":{"type":"branch","line":66,"loc":{"start":{"line":66,"column":44},"end":{"line":66,"column":63}},"locations":[{"start":{"line":66,"column":44},"end":{"line":66,"column":63}}]}},"b":{"0":[550],"1":[271],"2":[279],"3":[5],"4":[550],"5":[271],"6":[279],"7":[550],"8":[262],"9":[288],"10":[266],"11":[284],"12":[144],"13":[69],"14":[215],"15":[140],"16":[57],"17":[158],"18":[5],"19":[550],"20":[126],"21":[126]},"fnMap":{"0":{"name":"getRandomBit","decl":{"start":{"line":13,"column":0},"end":{"line":15,"column":1}},"loc":{"start":{"line":13,"column":0},"end":{"line":15,"column":1}},"line":13},"1":{"name":"generateAliceSequence","decl":{"start":{"line":17,"column":0},"end":{"line":31,"column":1}},"loc":{"start":{"line":17,"column":0},"end":{"line":31,"column":1}},"line":17},"2":{"name":"bobMeasure","decl":{"start":{"line":33,"column":0},"end":{"line":47,"column":1}},"loc":{"start":{"line":33,"column":0},"end":{"line":47,"column":1}},"line":33},"3":{"name":"simulateB92","decl":{"start":{"line":49,"column":7},"end":{"line":77,"column":1}},"loc":{"start":{"line":49,"column":7},"end":{"line":77,"column":1}},"line":49}},"f":{"0":550,"1":5,"2":550,"3":5}}
,"/Users/danpisarev/Development/nuclear-crypto/src/protocols/bb84/index.ts": {"path":"/Users/danpisarev/Development/nuclear-crypto/src/protocols/bb84/index.ts","all":false,"statementMap":{"0":{"start":{"line":1,"column":0},"end":{"line":1,"column":67}},"15":{"start":{"line":16,"column":0},"end":{"line":16,"column":64}},"16":{"start":{"line":17,"column":0},"end":{"line":17,"column":50}},"17":{"start":{"line":18,"column":0},"end":{"line":18,"column":29}},"20":{"start":{"line":21,"column":0},"end":{"line":21,"column":42}},"21":{"start":{"line":22,"column":0},"end":{"line":22,"column":44}},"22":{"start":{"line":23,"column":0},"end":{"line":23,"column":55}},"23":{"start":{"line":24,"column":0},"end":{"line":24,"column":56}},"26":{"start":{"line":27,"column":0},"end":{"line":27,"column":42}},"27":{"start":{"line":28,"column":0},"end":{"line":28,"column":44}},"28":{"start":{"line":29,"column":0},"end":{"line":29,"column":20}},"29":{"start":{"line":30,"column":0},"end":{"line":30,"column":44}},"30":{"start":{"line":31,"column":0},"end":{"line":31,"column":61}},"31":{"start":{"line":32,"column":0},"end":{"line":32,"column":48}},"32":{"start":{"line":33,"column":0},"end":{"line":33,"column":13}},"33":{"start":{"line":34,"column":0},"end":{"line":34,"column":36}},"34":{"start":{"line":35,"column":0},"end":{"line":35,"column":7}},"35":{"start":{"line":36,"column":0},"end":{"line":36,"column":38}},"36":{"start":{"line":37,"column":0},"end":{"line":37,"column":32}},"37":{"start":{"line":38,"column":0},"end":{"line":38,"column":78}},"38":{"start":{"line":39,"column":0},"end":{"line":39,"column":70}},"39":{"start":{"line":40,"column":0},"end":{"line":40,"column":3}},"42":{"start":{"line":43,"column":0},"end":{"line":43,"column":42}},"43":{"start":{"line":44,"column":0},"end":{"line":44,"column":51}},"44":{"start":{"line":45,"column":0},"end":{"line":45,"column":46}},"45":{"start":{"line":46,"column":0},"end":{"line":46,"column":11}},"46":{"start":{"line":47,"column":0},"end":{"line":47,"column":34}},"47":{"start":{"line":48,"column":0},"end":{"line":48,"column":5}},"49":{"start":{"line":50,"column":0},"end":{"line":50,"column":55}},"50":{"start":{"line":51,"column":0},"end":{"line":51,"column":55}},"53":{"start":{"line":54,"column":0},"end":{"line":54,"column":36}},"54":{"start":{"line":55,"column":0},"end":{"line":55,"column":21}},"55":{"start":{"line":56,"column":0},"end":{"line":56,"column":21}},"57":{"start":{"line":58,"column":0},"end":{"line":58,"column":36}},"58":{"start":{"line":59,"column":0},"end":{"line":59,"column":40}},"59":{"start":{"line":60,"column":0},"end":{"line":60,"column":19}},"60":{"start":{"line":61,"column":0},"end":{"line":61,"column":36}},"61":{"start":{"line":62,"column":0},"end":{"line":62,"column":52}},"62":{"start":{"line":63,"column":0},"end":{"line":63,"column":5}},"63":{"start":{"line":64,"column":0},"end":{"line":64,"column":3}},"65":{"start":{"line":66,"column":0},"end":{"line":66,"column":67}},"66":{"start":{"line":67,"column":0},"end":{"line":67,"column":41}},"68":{"start":{"line":69,"column":0},"end":{"line":69,"column":49}},"69":{"start":{"line":70,"column":0},"end":{"line":70,"column":50}},"70":{"start":{"line":71,"column":0},"end":{"line":71,"column":49}},"71":{"start":{"line":72,"column":0},"end":{"line":72,"column":61}},"73":{"start":{"line":74,"column":0},"end":{"line":74,"column":10}},"74":{"start":{"line":75,"column":0},"end":{"line":75,"column":18}},"75":{"start":{"line":76,"column":0},"end":{"line":76,"column":14}},"76":{"start":{"line":77,"column":0},"end":{"line":77,"column":10}},"77":{"start":{"line":78,"column":0},"end":{"line":78,"column":4}},"78":{"start":{"line":79,"column":0},"end":{"line":79,"column":1}}},"s":{"0":1,"15":1,"16":5,"17":5,"20":5,"21":5,"22":5,"23":5,"26":5,"27":5,"28":5,"29":2,"30":2,"31":220,"32":104,"33":116,"34":2,"35":2,"36":2,"37":2,"38":2,"39":2,"42":5,"43":5,"44":570,"45":310,"46":260,"47":5,"49":5,"50":5,"53":5,"54":5,"55":5,"57":5,"58":570,"59":288,"60":288,"61":288,"62":288,"63":570,"65":5,"66":5,"68":5,"69":5,"70":5,"71":5,"73":5,"74":5,"75":5,"76":5,"77":5,"78":5},"branchMap":{"0":{"type":"branch","line":16,"loc":{"start":{"line":16,"column":7},"end":{"line":79,"column":1}},"locations":[{"start":{"line":16,"column":7},"end":{"line":79,"column":1}}]},"1":{"type":"branch","line":29,"loc":{"start":{"line":29,"column":19},"end":{"line":40,"column":3}},"locations":[{"start":{"line":29,"column":19},"end":{"line":40,"column":3}}]},"2":{"type":"branch","line":58,"loc":{"start":{"line":58,"column":35},"end":{"line":64,"column":3}},"locations":[{"start":{"line":58,"column":35},"end":{"line":64,"column":3}}]},"3":{"type":"branch","line":59,"loc":{"start":{"line":59,"column":39},"end":{"line":63,"column":5}},"locations":[{"start":{"line":59,"column":39},"end":{"line":63,"column":5}}]},"4":{"type":"branch","line":62,"loc":{"start":{"line":62,"column":39},"end":{"line":62,"column":52}},"locations":[{"start":{"line":62,"column":39},"end":{"line":62,"column":52}}]},"5":{"type":"branch","line":66,"loc":{"start":{"line":66,"column":35},"end":{"line":66,"column":43}},"locations":[{"start":{"line":66,"column":35},"end":{"line":66,"column":43}}]},"6":{"type":"branch","line":31,"loc":{"start":{"line":31,"column":48},"end":{"line":35,"column":5}},"locations":[{"start":{"line":31,"column":48},"end":{"line":35,"column":5}}]},"7":{"type":"branch","line":32,"loc":{"start":{"line":32,"column":47},"end":{"line":33,"column":13}},"locations":[{"start":{"line":32,"column":47},"end":{"line":33,"column":13}}]},"8":{"type":"branch","line":33,"loc":{"start":{"line":33,"column":10},"end":{"line":34,"column":36}},"locations":[{"start":{"line":33,"column":10},"end":{"line":34,"column":36}}]},"9":{"type":"branch","line":44,"loc":{"start":{"line":44,"column":38},"end":{"line":48,"column":3}},"locations":[{"start":{"line":44,"column":38},"end":{"line":48,"column":3}}]},"10":{"type":"branch","line":45,"loc":{"start":{"line":45,"column":45},"end":{"line":46,"column":11}},"locations":[{"start":{"line":45,"column":45},"end":{"line":46,"column":11}}]},"11":{"type":"branch","line":46,"loc":{"start":{"line":46,"column":8},"end":{"line":47,"column":34}},"locations":[{"start":{"line":46,"column":8},"end":{"line":47,"column":34}}]}},"b":{"0":[5],"1":[2],"2":[570],"3":[288],"4":[25],"5":[0],"6":[220],"7":[104],"8":[116],"9":[570],"10":[310],"11":[260]},"fnMap":{"0":{"name":"simulateBB84","decl":{"start":{"line":16,"column":7},"end":{"line":79,"column":1}},"loc":{"start":{"line":16,"column":7},"end":{"line":79,"column":1}},"line":16}},"f":{"0":5}}
,"/Users/danpisarev/Development/nuclear-crypto/src/protocols/e91/index.ts": {"path":"/Users/danpisarev/Development/nuclear-crypto/src/protocols/e91/index.ts","all":false,"statementMap":{"15":{"start":{"line":16,"column":0},"end":{"line":16,"column":30}},"16":{"start":{"line":17,"column":0},"end":{"line":17,"column":37}},"17":{"start":{"line":18,"column":0},"end":{"line":18,"column":1}},"19":{"start":{"line":20,"column":0},"end":{"line":20,"column":39}},"20":{"start":{"line":21,"column":0},"end":{"line":21,"column":44}},"21":{"start":{"line":22,"column":0},"end":{"line":22,"column":55}},"22":{"start":{"line":23,"column":0},"end":{"line":23,"column":1}},"24":{"start":{"line":25,"column":0},"end":{"line":25,"column":40}},"25":{"start":{"line":26,"column":0},"end":{"line":26,"column":47}},"26":{"start":{"line":27,"column":0},"end":{"line":27,"column":58}},"27":{"start":{"line":28,"column":0},"end":{"line":28,"column":1}},"29":{"start":{"line":30,"column":0},"end":{"line":30,"column":56}},"30":{"start":{"line":31,"column":0},"end":{"line":31,"column":30}},"31":{"start":{"line":32,"column":0},"end":{"line":32,"column":28}},"32":{"start":{"line":33,"column":0},"end":{"line":33,"column":33}},"33":{"start":{"line":34,"column":0},"end":{"line":34,"column":34}},"34":{"start":{"line":35,"column":0},"end":{"line":35,"column":38}},"35":{"start":{"line":36,"column":0},"end":{"line":36,"column":35}},"36":{"start":{"line":37,"column":0},"end":{"line":37,"column":33}},"38":{"start":{"line":39,"column":0},"end":{"line":39,"column":33}},"40":{"start":{"line":41,"column":0},"end":{"line":41,"column":36}},"42":{"start":{"line":43,"column":0},"end":{"line":43,"column":54}},"43":{"start":{"line":44,"column":0},"end":{"line":44,"column":63}},"46":{"start":{"line":47,"column":0},"end":{"line":47,"column":41}},"47":{"start":{"line":48,"column":0},"end":{"line":48,"column":39}},"49":{"start":{"line":50,"column":0},"end":{"line":50,"column":28}},"50":{"start":{"line":51,"column":0},"end":{"line":51,"column":26}},"53":{"start":{"line":54,"column":0},"end":{"line":54,"column":33}},"54":{"start":{"line":55,"column":0},"end":{"line":55,"column":30}},"58":{"start":{"line":59,"column":0},"end":{"line":59,"column":22}},"59":{"start":{"line":60,"column":0},"end":{"line":60,"column":45}},"60":{"start":{"line":61,"column":0},"end":{"line":61,"column":43}},"62":{"start":{"line":63,"column":0},"end":{"line":63,"column":21}},"63":{"start":{"line":64,"column":0},"end":{"line":64,"column":29}},"64":{"start":{"line":65,"column":0},"end":{"line":65,"column":40}},"65":{"start":{"line":66,"column":0},"end":{"line":66,"column":37}},"66":{"start":{"line":67,"column":0},"end":{"line":67,"column":31}},"67":{"start":{"line":68,"column":0},"end":{"line":68,"column":5}},"68":{"start":{"line":69,"column":0},"end":{"line":69,"column":3}},"70":{"start":{"line":71,"column":0},"end":{"line":71,"column":10}},"71":{"start":{"line":72,"column":0},"end":{"line":72,"column":14}},"72":{"start":{"line":73,"column":0},"end":{"line":73,"column":12}},"73":{"start":{"line":74,"column":0},"end":{"line":74,"column":15}},"74":{"start":{"line":75,"column":0},"end":{"line":75,"column":13}},"75":{"start":{"line":76,"column":0},"end":{"line":76,"column":19}},"76":{"start":{"line":77,"column":0},"end":{"line":77,"column":19}},"77":{"start":{"line":78,"column":0},"end":{"line":78,"column":17}},"78":{"start":{"line":79,"column":0},"end":{"line":79,"column":27}},"79":{"start":{"line":80,"column":0},"end":{"line":80,"column":4}},"80":{"start":{"line":81,"column":0},"end":{"line":81,"column":1}}},"s":{"15":700,"16":700,"17":700,"19":700,"20":700,"21":700,"22":700,"24":700,"25":700,"26":700,"27":700,"29":1,"30":5,"31":5,"32":5,"33":5,"34":5,"35":5,"36":5,"38":5,"40":5,"42":700,"43":700,"46":700,"47":700,"49":700,"50":700,"53":700,"54":700,"58":700,"59":700,"60":629,"62":700,"63":152,"64":152,"65":152,"66":152,"67":152,"68":700,"70":5,"71":5,"72":5,"73":5,"74":5,"75":5,"76":5,"77":5,"78":5,"79":5,"80":5},"branchMap":{"0":{"type":"branch","line":16,"loc":{"start":{"line":16,"column":0},"end":{"line":18,"column":1}},"locations":[{"start":{"line":16,"column":0},"end":{"line":18,"column":1}}]},"1":{"type":"branch","line":17,"loc":{"start":{"line":17,"column":25},"end":{"line":17,"column":35}},"locations":[{"start":{"line":17,"column":25},"end":{"line":17,"column":35}}]},"2":{"type":"branch","line":17,"loc":{"start":{"line":17,"column":31},"end":{"line":17,"column":37}},"locations":[{"start":{"line":17,"column":31},"end":{"line":17,"column":37}}]},"3":{"type":"branch","line":20,"loc":{"start":{"line":20,"column":0},"end":{"line":23,"column":1}},"locations":[{"start":{"line":20,"column":0},"end":{"line":23,"column":1}}]},"4":{"type":"branch","line":25,"loc":{"start":{"line":25,"column":0},"end":{"line":28,"column":1}},"locations":[{"start":{"line":25,"column":0},"end":{"line":28,"column":1}}]},"5":{"type":"branch","line":30,"loc":{"start":{"line":30,"column":7},"end":{"line":81,"column":1}},"locations":[{"start":{"line":30,"column":7},"end":{"line":81,"column":1}}]},"6":{"type":"branch","line":41,"loc":{"start":{"line":41,"column":35},"end":{"line":69,"column":3}},"locations":[{"start":{"line":41,"column":35},"end":{"line":69,"column":3}}]},"7":{"type":"branch","line":44,"loc":{"start":{"line":44,"column":46},"end":{"line":44,"column":54}},"locations":[{"start":{"line":44,"column":46},"end":{"line":44,"column":54}}]},"8":{"type":"branch","line":44,"loc":{"start":{"line":44,"column":50},"end":{"line":44,"column":63}},"locations":[{"start":{"line":44,"column":50},"end":{"line":44,"column":63}}]},"9":{"type":"branch","line":60,"loc":{"start":{"line":60,"column":18},"end":{"line":60,"column":45}},"locations":[{"start":{"line":60,"column":18},"end":{"line":60,"column":45}}]},"10":{"type":"branch","line":60,"loc":{"start":{"line":60,"column":37},"end":{"line":61,"column":43}},"locations":[{"start":{"line":60,"column":37},"end":{"line":61,"column":43}}]},"11":{"type":"branch","line":61,"loc":{"start":{"line":61,"column":18},"end":{"line":61,"column":43}},"locations":[{"start":{"line":61,"column":18},"end":{"line":61,"column":43}}]},"12":{"type":"branch","line":63,"loc":{"start":{"line":63,"column":20},"end":{"line":68,"column":5}},"locations":[{"start":{"line":63,"column":20},"end":{"line":68,"column":5}}]}},"b":{"0":[700],"1":[353],"2":[347],"3":[700],"4":[700],"5":[5],"6":[700],"7":[353],"8":[347],"9":[227],"10":[629],"11":[230],"12":[152]},"fnMap":{"0":{"name":"getRandomBit","decl":{"start":{"line":16,"column":0},"end":{"line":18,"column":1}},"loc":{"start":{"line":16,"column":0},"end":{"line":18,"column":1}},"line":16},"1":{"name":"getRandomAliceBasis","decl":{"start":{"line":20,"column":0},"end":{"line":23,"column":1}},"loc":{"start":{"line":20,"column":0},"end":{"line":23,"column":1}},"line":20},"2":{"name":"getRandomBobBasis","decl":{"start":{"line":25,"column":0},"end":{"line":28,"column":1}},"loc":{"start":{"line":25,"column":0},"end":{"line":28,"column":1}},"line":25},"3":{"name":"simulateE91","decl":{"start":{"line":30,"column":7},"end":{"line":81,"column":1}},"loc":{"start":{"line":30,"column":7},"end":{"line":81,"column":1}},"line":30}},"f":{"0":700,"1":700,"2":700,"3":5}}
,"/Users/danpisarev/Development/nuclear-crypto/src/protocols/lm05/index.ts": {"path":"/Users/danpisarev/Development/nuclear-crypto/src/protocols/lm05/index.ts","all":false,"statementMap":{"14":{"start":{"line":15,"column":0},"end":{"line":15,"column":30}},"15":{"start":{"line":16,"column":0},"end":{"line":16,"column":37}},"16":{"start":{"line":17,"column":0},"end":{"line":17,"column":1}},"18":{"start":{"line":19,"column":0},"end":{"line":19,"column":34}},"19":{"start":{"line":20,"column":0},"end":{"line":20,"column":41}},"20":{"start":{"line":21,"column":0},"end":{"line":21,"column":1}},"22":{"start":{"line":23,"column":0},"end":{"line":23,"column":47}},"23":{"start":{"line":24,"column":0},"end":{"line":24,"column":49}},"24":{"start":{"line":25,"column":0},"end":{"line":25,"column":20}},"25":{"start":{"line":26,"column":0},"end":{"line":26,"column":20}},"26":{"start":{"line":27,"column":0},"end":{"line":27,"column":4}},"27":{"start":{"line":28,"column":0},"end":{"line":28,"column":39}},"28":{"start":{"line":29,"column":0},"end":{"line":29,"column":1}},"30":{"start":{"line":31,"column":0},"end":{"line":31,"column":41}},"31":{"start":{"line":32,"column":0},"end":{"line":32,"column":18}},"32":{"start":{"line":33,"column":0},"end":{"line":33,"column":14}},"33":{"start":{"line":34,"column":0},"end":{"line":34,"column":18}},"34":{"start":{"line":35,"column":0},"end":{"line":35,"column":14}},"35":{"start":{"line":36,"column":0},"end":{"line":36,"column":18}},"36":{"start":{"line":37,"column":0},"end":{"line":37,"column":14}},"37":{"start":{"line":38,"column":0},"end":{"line":38,"column":18}},"38":{"start":{"line":39,"column":0},"end":{"line":39,"column":14}},"39":{"start":{"line":40,"column":0},"end":{"line":40,"column":18}},"40":{"start":{"line":41,"column":0},"end":{"line":41,"column":3}},"41":{"start":{"line":42,"column":0},"end":{"line":42,"column":1}},"43":{"start":{"line":44,"column":0},"end":{"line":44,"column":58}},"44":{"start":{"line":45,"column":0},"end":{"line":45,"column":39}},"45":{"start":{"line":46,"column":0},"end":{"line":46,"column":31}},"46":{"start":{"line":47,"column":0},"end":{"line":47,"column":36}},"47":{"start":{"line":48,"column":0},"end":{"line":48,"column":40}},"48":{"start":{"line":49,"column":0},"end":{"line":49,"column":35}},"49":{"start":{"line":50,"column":0},"end":{"line":50,"column":33}},"50":{"start":{"line":51,"column":0},"end":{"line":51,"column":21}},"52":{"start":{"line":53,"column":0},"end":{"line":53,"column":36}},"53":{"start":{"line":54,"column":0},"end":{"line":54,"column":35}},"54":{"start":{"line":55,"column":0},"end":{"line":55,"column":48}},"55":{"start":{"line":56,"column":0},"end":{"line":56,"column":61}},"57":{"start":{"line":58,"column":0},"end":{"line":58,"column":40}},"58":{"start":{"line":59,"column":0},"end":{"line":59,"column":25}},"59":{"start":{"line":60,"column":0},"end":{"line":60,"column":36}},"61":{"start":{"line":62,"column":0},"end":{"line":62,"column":25}},"62":{"start":{"line":63,"column":0},"end":{"line":63,"column":63}},"63":{"start":{"line":64,"column":0},"end":{"line":64,"column":42}},"65":{"start":{"line":66,"column":0},"end":{"line":66,"column":35}},"66":{"start":{"line":67,"column":0},"end":{"line":67,"column":62}},"67":{"start":{"line":68,"column":0},"end":{"line":68,"column":34}},"69":{"start":{"line":70,"column":0},"end":{"line":70,"column":47}},"70":{"start":{"line":71,"column":0},"end":{"line":71,"column":3}},"72":{"start":{"line":73,"column":0},"end":{"line":73,"column":10}},"73":{"start":{"line":74,"column":0},"end":{"line":74,"column":21}},"74":{"start":{"line":75,"column":0},"end":{"line":75,"column":13}},"75":{"start":{"line":76,"column":0},"end":{"line":76,"column":20}},"76":{"start":{"line":77,"column":0},"end":{"line":77,"column":22}},"77":{"start":{"line":78,"column":0},"end":{"line":78,"column":19}},"78":{"start":{"line":79,"column":0},"end":{"line":79,"column":17}},"79":{"start":{"line":80,"column":0},"end":{"line":80,"column":15}},"80":{"start":{"line":81,"column":0},"end":{"line":81,"column":4}},"81":{"start":{"line":82,"column":0},"end":{"line":82,"column":1}}},"s":{"14":600,"15":600,"16":600,"18":300,"19":300,"20":300,"22":300,"23":300,"24":300,"25":300,"26":300,"27":300,"28":300,"30":148,"31":148,"32":148,"33":32,"34":148,"35":38,"36":148,"37":39,"38":148,"39":39,"40":148,"41":148,"43":1,"44":5,"45":5,"46":5,"47":5,"48":5,"49":5,"50":5,"52":5,"53":300,"54":300,"55":300,"57":300,"58":300,"59":300,"61":300,"62":300,"63":300,"65":300,"66":300,"67":300,"69":300,"70":300,"72":5,"73":5,"74":5,"75":5,"76":5,"77":5,"78":5,"79":5,"80":5,"81":5},"branchMap":{"0":{"type":"branch","line":15,"loc":{"start":{"line":15,"column":0},"end":{"line":17,"column":1}},"locations":[{"start":{"line":15,"column":0},"end":{"line":17,"column":1}}]},"1":{"type":"branch","line":16,"loc":{"start":{"line":16,"column":25},"end":{"line":16,"column":35}},"locations":[{"start":{"line":16,"column":25},"end":{"line":16,"column":35}}]},"2":{"type":"branch","line":16,"loc":{"start":{"line":16,"column":31},"end":{"line":16,"column":37}},"locations":[{"start":{"line":16,"column":31},"end":{"line":16,"column":37}}]},"3":{"type":"branch","line":19,"loc":{"start":{"line":19,"column":0},"end":{"line":21,"column":1}},"locations":[{"start":{"line":19,"column":0},"end":{"line":21,"column":1}}]},"4":{"type":"branch","line":20,"loc":{"start":{"line":20,"column":25},"end":{"line":20,"column":37}},"locations":[{"start":{"line":20,"column":25},"end":{"line":20,"column":37}}]},"5":{"type":"branch","line":20,"loc":{"start":{"line":20,"column":31},"end":{"line":20,"column":41}},"locations":[{"start":{"line":20,"column":31},"end":{"line":20,"column":41}}]},"6":{"type":"branch","line":23,"loc":{"start":{"line":23,"column":0},"end":{"line":29,"column":1}},"locations":[{"start":{"line":23,"column":0},"end":{"line":29,"column":1}}]},"7":{"type":"branch","line":31,"loc":{"start":{"line":31,"column":0},"end":{"line":42,"column":1}},"locations":[{"start":{"line":31,"column":0},"end":{"line":42,"column":1}}]},"8":{"type":"branch","line":33,"loc":{"start":{"line":33,"column":4},"end":{"line":34,"column":18}},"locations":[{"start":{"line":33,"column":4},"end":{"line":34,"column":18}}]},"9":{"type":"branch","line":35,"loc":{"start":{"line":35,"column":4},"end":{"line":36,"column":18}},"locations":[{"start":{"line":35,"column":4},"end":{"line":36,"column":18}}]},"10":{"type":"branch","line":37,"loc":{"start":{"line":37,"column":4},"end":{"line":38,"column":18}},"locations":[{"start":{"line":37,"column":4},"end":{"line":38,"column":18}}]},"11":{"type":"branch","line":39,"loc":{"start":{"line":39,"column":4},"end":{"line":40,"column":18}},"locations":[{"start":{"line":39,"column":4},"end":{"line":40,"column":18}}]},"12":{"type":"branch","line":44,"loc":{"start":{"line":44,"column":7},"end":{"line":82,"column":1}},"locations":[{"start":{"line":44,"column":7},"end":{"line":82,"column":1}}]},"13":{"type":"branch","line":53,"loc":{"start":{"line":53,"column":35},"end":{"line":71,"column":3}},"locations":[{"start":{"line":53,"column":35},"end":{"line":71,"column":3}}]},"14":{"type":"branch","line":63,"loc":{"start":{"line":63,"column":20},"end":{"line":63,"column":39}},"locations":[{"start":{"line":63,"column":20},"end":{"line":63,"column":39}}]},"15":{"type":"branch","line":63,"loc":{"start":{"line":63,"column":24},"end":{"line":63,"column":63}},"locations":[{"start":{"line":63,"column":24},"end":{"line":63,"column":63}}]},"16":{"type":"branch","line":67,"loc":{"start":{"line":67,"column":41},"end":{"line":67,"column":60}},"locations":[{"start":{"line":67,"column":41},"end":{"line":67,"column":60}}]},"17":{"type":"branch","line":67,"loc":{"start":{"line":67,"column":56},"end":{"line":67,"column":62}},"locations":[{"start":{"line":67,"column":56},"end":{"line":67,"column":62}}]},"18":{"type":"branch","line":70,"loc":{"start":{"line":70,"column":34},"end":{"line":70,"column":47}},"locations":[{"start":{"line":70,"column":34},"end":{"line":70,"column":47}}]}},"b":{"0":[600],"1":[306],"2":[294],"3":[300],"4":[132],"5":[168],"6":[300],"7":[148],"8":[32],"9":[38],"10":[39],"11":[39],"12":[5],"13":[300],"14":[152],"15":[148],"16":[152],"17":[148],"18":[0]},"fnMap":{"0":{"name":"getRandomBit","decl":{"start":{"line":15,"column":0},"end":{"line":17,"column":1}},"loc":{"start":{"line":15,"column":0},"end":{"line":17,"column":1}},"line":15},"1":{"name":"getRandomBasis","decl":{"start":{"line":19,"column":0},"end":{"line":21,"column":1}},"loc":{"start":{"line":19,"column":0},"end":{"line":21,"column":1}},"line":19},"2":{"name":"getInitialState","decl":{"start":{"line":23,"column":0},"end":{"line":29,"column":1}},"loc":{"start":{"line":23,"column":0},"end":{"line":29,"column":1}},"line":23},"3":{"name":"flipState","decl":{"start":{"line":31,"column":0},"end":{"line":42,"column":1}},"loc":{"start":{"line":31,"column":0},"end":{"line":42,"column":1}},"line":31},"4":{"name":"simulateLM05","decl":{"start":{"line":44,"column":7},"end":{"line":82,"column":1}},"loc":{"start":{"line":44,"column":7},"end":{"line":82,"column":1}},"line":44}},"f":{"0":600,"1":300,"2":300,"3":148,"4":5}}
,"/Users/danpisarev/Development/nuclear-crypto/src/protocols/sarg04/index.ts": {"path":"/Users/danpisarev/Development/nuclear-crypto/src/protocols/sarg04/index.ts","all":false,"statementMap":{"20":{"start":{"line":21,"column":0},"end":{"line":21,"column":47}},"21":{"start":{"line":22,"column":0},"end":{"line":22,"column":20}},"22":{"start":{"line":23,"column":0},"end":{"line":23,"column":20}},"23":{"start":{"line":24,"column":0},"end":{"line":24,"column":2}},"25":{"start":{"line":26,"column":0},"end":{"line":26,"column":63}},"26":{"start":{"line":27,"column":0},"end":{"line":27,"column":33}},"28":{"start":{"line":29,"column":0},"end":{"line":29,"column":47}},"29":{"start":{"line":30,"column":0},"end":{"line":30,"column":22}},"30":{"start":{"line":31,"column":0},"end":{"line":31,"column":3}},"32":{"start":{"line":33,"column":0},"end":{"line":33,"column":39}},"33":{"start":{"line":34,"column":0},"end":{"line":34,"column":1}},"36":{"start":{"line":37,"column":0},"end":{"line":37,"column":32}},"37":{"start":{"line":38,"column":0},"end":{"line":38,"column":9}},"38":{"start":{"line":39,"column":0},"end":{"line":39,"column":22}},"39":{"start":{"line":40,"column":0},"end":{"line":40,"column":4}},"42":{"start":{"line":43,"column":0},"end":{"line":43,"column":18}},"43":{"start":{"line":44,"column":0},"end":{"line":44,"column":30}},"44":{"start":{"line":45,"column":0},"end":{"line":45,"column":33}},"45":{"start":{"line":46,"column":0},"end":{"line":46,"column":34}},"46":{"start":{"line":47,"column":0},"end":{"line":47,"column":42}},"47":{"start":{"line":48,"column":0},"end":{"line":48,"column":39}},"48":{"start":{"line":49,"column":0},"end":{"line":49,"column":46}},"49":{"start":{"line":50,"column":0},"end":{"line":50,"column":31}},"50":{"start":{"line":51,"column":0},"end":{"line":51,"column":38}},"51":{"start":{"line":52,"column":0},"end":{"line":52,"column":35}},"52":{"start":{"line":53,"column":0},"end":{"line":53,"column":33}},"53":{"start":{"line":54,"column":0},"end":{"line":54,"column":38}},"54":{"start":{"line":55,"column":0},"end":{"line":55,"column":17}},"56":{"start":{"line":57,"column":0},"end":{"line":57,"column":36}},"58":{"start":{"line":59,"column":0},"end":{"line":59,"column":49}},"59":{"start":{"line":60,"column":0},"end":{"line":60,"column":57}},"60":{"start":{"line":61,"column":0},"end":{"line":61,"column":44}},"61":{"start":{"line":62,"column":0},"end":{"line":62,"column":47}},"63":{"start":{"line":64,"column":0},"end":{"line":64,"column":24}},"64":{"start":{"line":65,"column":0},"end":{"line":65,"column":27}},"65":{"start":{"line":66,"column":0},"end":{"line":66,"column":28}},"66":{"start":{"line":67,"column":0},"end":{"line":67,"column":26}},"68":{"start":{"line":69,"column":0},"end":{"line":69,"column":33}},"71":{"start":{"line":72,"column":0},"end":{"line":72,"column":22}},"72":{"start":{"line":73,"column":0},"end":{"line":73,"column":62}},"73":{"start":{"line":74,"column":0},"end":{"line":74,"column":54}},"74":{"start":{"line":75,"column":0},"end":{"line":75,"column":55}},"76":{"start":{"line":77,"column":0},"end":{"line":77,"column":30}},"77":{"start":{"line":78,"column":0},"end":{"line":78,"column":37}},"78":{"start":{"line":79,"column":0},"end":{"line":79,"column":34}},"79":{"start":{"line":80,"column":0},"end":{"line":80,"column":12}},"80":{"start":{"line":81,"column":0},"end":{"line":81,"column":25}},"81":{"start":{"line":82,"column":0},"end":{"line":82,"column":32}},"82":{"start":{"line":83,"column":0},"end":{"line":83,"column":5}},"85":{"start":{"line":86,"column":0},"end":{"line":86,"column":60}},"86":{"start":{"line":87,"column":0},"end":{"line":87,"column":75}},"88":{"start":{"line":89,"column":0},"end":{"line":89,"column":28}},"89":{"start":{"line":90,"column":0},"end":{"line":90,"column":41}},"92":{"start":{"line":93,"column":0},"end":{"line":93,"column":40}},"93":{"start":{"line":94,"column":0},"end":{"line":94,"column":68}},"94":{"start":{"line":95,"column":0},"end":{"line":95,"column":31}},"95":{"start":{"line":96,"column":0},"end":{"line":96,"column":38}},"96":{"start":{"line":97,"column":0},"end":{"line":97,"column":29}},"98":{"start":{"line":99,"column":0},"end":{"line":99,"column":48}},"99":{"start":{"line":100,"column":0},"end":{"line":100,"column":17}},"100":{"start":{"line":101,"column":0},"end":{"line":101,"column":7}},"101":{"start":{"line":102,"column":0},"end":{"line":102,"column":5}},"102":{"start":{"line":103,"column":0},"end":{"line":103,"column":3}},"104":{"start":{"line":105,"column":0},"end":{"line":105,"column":10}},"105":{"start":{"line":106,"column":0},"end":{"line":106,"column":14}},"106":{"start":{"line":107,"column":0},"end":{"line":107,"column":15}},"107":{"start":{"line":108,"column":0},"end":{"line":108,"column":16}},"108":{"start":{"line":109,"column":0},"end":{"line":109,"column":15}},"109":{"start":{"line":110,"column":0},"end":{"line":110,"column":13}},"110":{"start":{"line":111,"column":0},"end":{"line":111,"column":20}},"111":{"start":{"line":112,"column":0},"end":{"line":112,"column":13}},"112":{"start":{"line":113,"column":0},"end":{"line":113,"column":20}},"113":{"start":{"line":114,"column":0},"end":{"line":114,"column":19}},"114":{"start":{"line":115,"column":0},"end":{"line":115,"column":17}},"115":{"start":{"line":116,"column":0},"end":{"line":116,"column":19}},"116":{"start":{"line":117,"column":0},"end":{"line":117,"column":34}},"117":{"start":{"line":118,"column":0},"end":{"line":118,"column":4}},"118":{"start":{"line":119,"column":0},"end":{"line":119,"column":1}}},"s":{"20":1,"21":1,"22":1,"23":1,"25":650,"26":650,"28":650,"29":342,"30":342,"32":650,"33":650,"36":1,"37":5,"38":5,"39":5,"42":5,"43":5,"44":5,"45":5,"46":5,"47":5,"48":5,"49":5,"50":5,"51":5,"52":5,"53":5,"54":5,"56":5,"58":650,"59":650,"60":650,"61":650,"63":650,"64":650,"65":650,"66":650,"68":650,"71":650,"72":200,"73":200,"74":200,"76":200,"77":200,"78":200,"79":650,"80":450,"81":450,"82":450,"85":650,"86":650,"88":650,"89":650,"92":650,"93":349,"94":349,"95":349,"96":349,"98":349,"99":50,"100":50,"101":349,"102":650,"104":5,"105":5,"106":5,"107":5,"108":5,"109":5,"110":5,"111":5,"112":5,"113":5,"114":5,"115":5,"116":5,"117":5,"118":5},"branchMap":{"0":{"type":"branch","line":26,"loc":{"start":{"line":26,"column":0},"end":{"line":34,"column":1}},"locations":[{"start":{"line":26,"column":0},"end":{"line":34,"column":1}}]},"1":{"type":"branch","line":29,"loc":{"start":{"line":29,"column":21},"end":{"line":29,"column":46}},"locations":[{"start":{"line":29,"column":21},"end":{"line":29,"column":46}}]},"2":{"type":"branch","line":29,"loc":{"start":{"line":29,"column":46},"end":{"line":31,"column":3}},"locations":[{"start":{"line":29,"column":46},"end":{"line":31,"column":3}}]},"3":{"type":"branch","line":31,"loc":{"start":{"line":31,"column":2},"end":{"line":33,"column":31}},"locations":[{"start":{"line":31,"column":2},"end":{"line":33,"column":31}}]},"4":{"type":"branch","line":33,"loc":{"start":{"line":33,"column":25},"end":{"line":33,"column":36}},"locations":[{"start":{"line":33,"column":25},"end":{"line":33,"column":36}}]},"5":{"type":"branch","line":33,"loc":{"start":{"line":33,"column":31},"end":{"line":33,"column":39}},"locations":[{"start":{"line":33,"column":31},"end":{"line":33,"column":39}}]},"6":{"type":"branch","line":37,"loc":{"start":{"line":37,"column":7},"end":{"line":119,"column":1}},"locations":[{"start":{"line":37,"column":7},"end":{"line":119,"column":1}}]},"7":{"type":"branch","line":57,"loc":{"start":{"line":57,"column":35},"end":{"line":103,"column":3}},"locations":[{"start":{"line":57,"column":35},"end":{"line":103,"column":3}}]},"8":{"type":"branch","line":59,"loc":{"start":{"line":59,"column":37},"end":{"line":59,"column":47}},"locations":[{"start":{"line":59,"column":37},"end":{"line":59,"column":47}}]},"9":{"type":"branch","line":59,"loc":{"start":{"line":59,"column":43},"end":{"line":59,"column":49}},"locations":[{"start":{"line":59,"column":43},"end":{"line":59,"column":49}}]},"10":{"type":"branch","line":60,"loc":{"start":{"line":60,"column":41},"end":{"line":60,"column":53}},"locations":[{"start":{"line":60,"column":41},"end":{"line":60,"column":53}}]},"11":{"type":"branch","line":60,"loc":{"start":{"line":60,"column":47},"end":{"line":60,"column":57}},"locations":[{"start":{"line":60,"column":47},"end":{"line":60,"column":57}}]},"12":{"type":"branch","line":72,"loc":{"start":{"line":72,"column":21},"end":{"line":80,"column":11}},"locations":[{"start":{"line":72,"column":21},"end":{"line":80,"column":11}}]},"13":{"type":"branch","line":73,"loc":{"start":{"line":73,"column":46},"end":{"line":73,"column":58}},"locations":[{"start":{"line":73,"column":46},"end":{"line":73,"column":58}}]},"14":{"type":"branch","line":73,"loc":{"start":{"line":73,"column":52},"end":{"line":73,"column":62}},"locations":[{"start":{"line":73,"column":52},"end":{"line":73,"column":62}}]},"15":{"type":"branch","line":74,"loc":{"start":{"line":74,"column":42},"end":{"line":74,"column":52}},"locations":[{"start":{"line":74,"column":42},"end":{"line":74,"column":52}}]},"16":{"type":"branch","line":74,"loc":{"start":{"line":74,"column":48},"end":{"line":74,"column":54}},"locations":[{"start":{"line":74,"column":48},"end":{"line":74,"column":54}}]},"17":{"type":"branch","line":80,"loc":{"start":{"line":80,"column":4},"end":{"line":83,"column":5}},"locations":[{"start":{"line":80,"column":4},"end":{"line":83,"column":5}}]},"18":{"type":"branch","line":86,"loc":{"start":{"line":86,"column":44},"end":{"line":86,"column":56}},"locations":[{"start":{"line":86,"column":44},"end":{"line":86,"column":56}}]},"19":{"type":"branch","line":86,"loc":{"start":{"line":86,"column":50},"end":{"line":86,"column":60}},"locations":[{"start":{"line":86,"column":50},"end":{"line":86,"column":60}}]},"20":{"type":"branch","line":93,"loc":{"start":{"line":93,"column":39},"end":{"line":102,"column":5}},"locations":[{"start":{"line":93,"column":39},"end":{"line":102,"column":5}}]},"21":{"type":"branch","line":99,"loc":{"start":{"line":99,"column":27},"end":{"line":99,"column":47}},"locations":[{"start":{"line":99,"column":27},"end":{"line":99,"column":47}}]},"22":{"type":"branch","line":99,"loc":{"start":{"line":99,"column":47},"end":{"line":101,"column":7}},"locations":[{"start":{"line":99,"column":47},"end":{"line":101,"column":7}}]}},"b":{"0":[650],"1":[488],"2":[342],"3":[308],"4":[157],"5":[151],"6":[5],"7":[650],"8":[306],"9":[344],"10":[322],"11":[328],"12":[200],"13":[99],"14":[101],"15":[91],"16":[109],"17":[450],"18":[349],"19":[301],"20":[349],"21":[50],"22":[50]},"fnMap":{"0":{"name":"measureState","decl":{"start":{"line":26,"column":0},"end":{"line":34,"column":1}},"loc":{"start":{"line":26,"column":0},"end":{"line":34,"column":1}},"line":26},"1":{"name":"simulateSARG04","decl":{"start":{"line":37,"column":7},"end":{"line":119,"column":1}},"loc":{"start":{"line":37,"column":7},"end":{"line":119,"column":1}},"line":37}},"f":{"0":650,"1":5}}
}
