{"/Users/danpisarev/Development/nuclear-crypto/src/protocols/b92/index.ts": {"path":"/Users/danpisarev/Development/nuclear-crypto/src/protocols/b92/index.ts","all":false,"statementMap":{"12":{"start":{"line":13,"column":0},"end":{"line":13,"column":30}},"13":{"start":{"line":14,"column":0},"end":{"line":14,"column":37}},"14":{"start":{"line":15,"column":0},"end":{"line":15,"column":1}},"16":{"start":{"line":17,"column":0},"end":{"line":17,"column":49}},"19":{"start":{"line":20,"column":0},"end":{"line":20,"column":3}},"20":{"start":{"line":21,"column":0},"end":{"line":21,"column":25}},"21":{"start":{"line":22,"column":0},"end":{"line":22,"column":29}},"23":{"start":{"line":24,"column":0},"end":{"line":24,"column":36}},"24":{"start":{"line":25,"column":0},"end":{"line":25,"column":31}},"25":{"start":{"line":26,"column":0},"end":{"line":26,"column":19}},"26":{"start":{"line":27,"column":0},"end":{"line":27,"column":41}},"27":{"start":{"line":28,"column":0},"end":{"line":28,"column":3}},"29":{"start":{"line":30,"column":0},"end":{"line":30,"column":26}},"30":{"start":{"line":31,"column":0},"end":{"line":31,"column":1}},"32":{"start":{"line":33,"column":0},"end":{"line":33,"column":47}},"34":{"start":{"line":35,"column":0},"end":{"line":35,"column":72}},"38":{"start":{"line":39,"column":0},"end":{"line":39,"column":39}},"40":{"start":{"line":41,"column":0},"end":{"line":41,"column":29}},"42":{"start":{"line":43,"column":0},"end":{"line":43,"column":49}},"43":{"start":{"line":44,"column":0},"end":{"line":44,"column":49}},"45":{"start":{"line":46,"column":0},"end":{"line":46,"column":14}},"46":{"start":{"line":47,"column":0},"end":{"line":47,"column":1}},"48":{"start":{"line":49,"column":0},"end":{"line":49,"column":28}},"49":{"start":{"line":50,"column":0},"end":{"line":50,"column":17}},"50":{"start":{"line":51,"column":0},"end":{"line":51,"column":22}},"51":{"start":{"line":52,"column":0},"end":{"line":52,"column":24}},"52":{"start":{"line":53,"column":0},"end":{"line":53,"column":50}},"53":{"start":{"line":54,"column":0},"end":{"line":54,"column":34}},"54":{"start":{"line":55,"column":0},"end":{"line":55,"column":28}},"55":{"start":{"line":56,"column":0},"end":{"line":56,"column":38}},"57":{"start":{"line":58,"column":0},"end":{"line":58,"column":45}},"58":{"start":{"line":59,"column":0},"end":{"line":59,"column":44}},"60":{"start":{"line":61,"column":0},"end":{"line":61,"column":36}},"61":{"start":{"line":62,"column":0},"end":{"line":62,"column":42}},"64":{"start":{"line":65,"column":0},"end":{"line":65,"column":22}},"65":{"start":{"line":66,"column":0},"end":{"line":66,"column":57}},"66":{"start":{"line":67,"column":0},"end":{"line":67,"column":43}},"68":{"start":{"line":69,"column":0},"end":{"line":69,"column":30}},"70":{"start":{"line":71,"column":0},"end":{"line":71,"column":22}},"71":{"start":{"line":72,"column":0},"end":{"line":72,"column":34}},"73":{"start":{"line":74,"column":0},"end":{"line":74,"column":14}},"75":{"start":{"line":76,"column":0},"end":{"line":76,"column":38}},"76":{"start":{"line":77,"column":0},"end":{"line":77,"column":71}},"77":{"start":{"line":78,"column":0},"end":{"line":78,"column":71}},"78":{"start":{"line":79,"column":0},"end":{"line":79,"column":44}},"81":{"start":{"line":82,"column":0},"end":{"line":82,"column":50}},"82":{"start":{"line":83,"column":0},"end":{"line":83,"column":55}},"83":{"start":{"line":84,"column":0},"end":{"line":84,"column":66}},"84":{"start":{"line":85,"column":0},"end":{"line":85,"column":7}},"85":{"start":{"line":86,"column":0},"end":{"line":86,"column":12}},"86":{"start":{"line":87,"column":0},"end":{"line":87,"column":25}},"87":{"start":{"line":88,"column":0},"end":{"line":88,"column":32}},"88":{"start":{"line":89,"column":0},"end":{"line":89,"column":5}},"91":{"start":{"line":92,"column":0},"end":{"line":92,"column":57}},"92":{"start":{"line":93,"column":0},"end":{"line":93,"column":26}},"93":{"start":{"line":94,"column":0},"end":{"line":94,"column":27}},"94":{"start":{"line":95,"column":0},"end":{"line":95,"column":29}},"95":{"start":{"line":96,"column":0},"end":{"line":96,"column":5}},"96":{"start":{"line":97,"column":0},"end":{"line":97,"column":3}},"98":{"start":{"line":99,"column":0},"end":{"line":99,"column":74}},"99":{"start":{"line":100,"column":0},"end":{"line":100,"column":36}},"101":{"start":{"line":102,"column":0},"end":{"line":102,"column":10}},"102":{"start":{"line":103,"column":0},"end":{"line":103,"column":14}},"103":{"start":{"line":104,"column":0},"end":{"line":104,"column":16}},"104":{"start":{"line":105,"column":0},"end":{"line":105,"column":12}},"105":{"start":{"line":106,"column":0},"end":{"line":106,"column":19}},"106":{"start":{"line":107,"column":0},"end":{"line":107,"column":19}},"107":{"start":{"line":108,"column":0},"end":{"line":108,"column":17}},"109":{"start":{"line":110,"column":0},"end":{"line":110,"column":4}},"110":{"start":{"line":111,"column":0},"end":{"line":111,"column":1}}},"s":{"12":950,"13":950,"14":950,"16":7,"19":7,"20":7,"21":7,"23":7,"24":950,"25":950,"26":950,"27":950,"29":7,"30":7,"32":950,"34":950,"38":950,"40":950,"42":950,"43":950,"45":233,"46":233,"48":1,"49":7,"50":7,"51":7,"52":7,"53":7,"54":7,"55":7,"57":7,"58":7,"60":7,"61":950,"64":950,"65":200,"66":200,"68":200,"70":200,"71":105,"73":200,"75":95,"76":95,"77":95,"78":95,"81":95,"82":68,"83":50,"84":95,"85":950,"86":750,"87":750,"88":750,"91":950,"92":950,"93":247,"94":247,"95":247,"96":950,"98":7,"99":7,"101":7,"102":7,"103":7,"104":7,"105":7,"106":7,"107":7,"109":7,"110":7},"branchMap":{"0":{"type":"branch","line":13,"loc":{"start":{"line":13,"column":0},"end":{"line":15,"column":1}},"locations":[{"start":{"line":13,"column":0},"end":{"line":15,"column":1}}]},"1":{"type":"branch","line":14,"loc":{"start":{"line":14,"column":25},"end":{"line":14,"column":35}},"locations":[{"start":{"line":14,"column":25},"end":{"line":14,"column":35}}]},"2":{"type":"branch","line":14,"loc":{"start":{"line":14,"column":31},"end":{"line":14,"column":37}},"locations":[{"start":{"line":14,"column":31},"end":{"line":14,"column":37}}]},"3":{"type":"branch","line":17,"loc":{"start":{"line":17,"column":0},"end":{"line":31,"column":1}},"locations":[{"start":{"line":17,"column":0},"end":{"line":31,"column":1}}]},"4":{"type":"branch","line":24,"loc":{"start":{"line":24,"column":35},"end":{"line":28,"column":3}},"locations":[{"start":{"line":24,"column":35},"end":{"line":28,"column":3}}]},"5":{"type":"branch","line":27,"loc":{"start":{"line":27,"column":24},"end":{"line":27,"column":35}},"locations":[{"start":{"line":27,"column":24},"end":{"line":27,"column":35}}]},"6":{"type":"branch","line":27,"loc":{"start":{"line":27,"column":28},"end":{"line":27,"column":39}},"locations":[{"start":{"line":27,"column":28},"end":{"line":27,"column":39}}]},"7":{"type":"branch","line":33,"loc":{"start":{"line":33,"column":0},"end":{"line":47,"column":1}},"locations":[{"start":{"line":33,"column":0},"end":{"line":47,"column":1}}]},"8":{"type":"branch","line":35,"loc":{"start":{"line":35,"column":32},"end":{"line":35,"column":45}},"locations":[{"start":{"line":35,"column":32},"end":{"line":35,"column":45}}]},"9":{"type":"branch","line":35,"loc":{"start":{"line":35,"column":38},"end":{"line":35,"column":72}},"locations":[{"start":{"line":35,"column":38},"end":{"line":35,"column":72}}]},"10":{"type":"branch","line":41,"loc":{"start":{"line":41,"column":17},"end":{"line":41,"column":29}},"locations":[{"start":{"line":41,"column":17},"end":{"line":41,"column":29}}]},"11":{"type":"branch","line":41,"loc":{"start":{"line":41,"column":24},"end":{"line":43,"column":24}},"locations":[{"start":{"line":41,"column":24},"end":{"line":43,"column":24}}]},"12":{"type":"branch","line":43,"loc":{"start":{"line":43,"column":16},"end":{"line":43,"column":40}},"locations":[{"start":{"line":43,"column":16},"end":{"line":43,"column":40}}]},"13":{"type":"branch","line":43,"loc":{"start":{"line":43,"column":40},"end":{"line":43,"column":49}},"locations":[{"start":{"line":43,"column":40},"end":{"line":43,"column":49}}]},"14":{"type":"branch","line":43,"loc":{"start":{"line":43,"column":47},"end":{"line":44,"column":24}},"locations":[{"start":{"line":43,"column":47},"end":{"line":44,"column":24}}]},"15":{"type":"branch","line":44,"loc":{"start":{"line":44,"column":16},"end":{"line":44,"column":40}},"locations":[{"start":{"line":44,"column":16},"end":{"line":44,"column":40}}]},"16":{"type":"branch","line":44,"loc":{"start":{"line":44,"column":40},"end":{"line":44,"column":49}},"locations":[{"start":{"line":44,"column":40},"end":{"line":44,"column":49}}]},"17":{"type":"branch","line":44,"loc":{"start":{"line":44,"column":47},"end":{"line":47,"column":1}},"locations":[{"start":{"line":44,"column":47},"end":{"line":47,"column":1}}]},"18":{"type":"branch","line":49,"loc":{"start":{"line":49,"column":7},"end":{"line":111,"column":1}},"locations":[{"start":{"line":49,"column":7},"end":{"line":111,"column":1}}]},"19":{"type":"branch","line":61,"loc":{"start":{"line":61,"column":35},"end":{"line":97,"column":3}},"locations":[{"start":{"line":61,"column":35},"end":{"line":97,"column":3}}]},"20":{"type":"branch","line":65,"loc":{"start":{"line":65,"column":21},"end":{"line":86,"column":11}},"locations":[{"start":{"line":65,"column":21},"end":{"line":86,"column":11}}]},"21":{"type":"branch","line":66,"loc":{"start":{"line":66,"column":39},"end":{"line":66,"column":52}},"locations":[{"start":{"line":66,"column":39},"end":{"line":66,"column":52}}]},"22":{"type":"branch","line":66,"loc":{"start":{"line":66,"column":45},"end":{"line":66,"column":57}},"locations":[{"start":{"line":66,"column":45},"end":{"line":66,"column":57}}]},"23":{"type":"branch","line":71,"loc":{"start":{"line":71,"column":21},"end":{"line":74,"column":13}},"locations":[{"start":{"line":71,"column":21},"end":{"line":74,"column":13}}]},"24":{"type":"branch","line":74,"loc":{"start":{"line":74,"column":6},"end":{"line":85,"column":7}},"locations":[{"start":{"line":74,"column":6},"end":{"line":85,"column":7}}]},"25":{"type":"branch","line":77,"loc":{"start":{"line":77,"column":33},"end":{"line":77,"column":60}},"locations":[{"start":{"line":77,"column":33},"end":{"line":77,"column":60}}]},"26":{"type":"branch","line":77,"loc":{"start":{"line":77,"column":60},"end":{"line":77,"column":71}},"locations":[{"start":{"line":77,"column":60},"end":{"line":77,"column":71}}]},"27":{"type":"branch","line":78,"loc":{"start":{"line":78,"column":33},"end":{"line":78,"column":60}},"locations":[{"start":{"line":78,"column":33},"end":{"line":78,"column":60}}]},"28":{"type":"branch","line":78,"loc":{"start":{"line":78,"column":60},"end":{"line":78,"column":71}},"locations":[{"start":{"line":78,"column":60},"end":{"line":78,"column":71}}]},"29":{"type":"branch","line":79,"loc":{"start":{"line":79,"column":29},"end":{"line":79,"column":42}},"locations":[{"start":{"line":79,"column":29},"end":{"line":79,"column":42}}]},"30":{"type":"branch","line":82,"loc":{"start":{"line":82,"column":26},"end":{"line":82,"column":50}},"locations":[{"start":{"line":82,"column":26},"end":{"line":82,"column":50}}]},"31":{"type":"branch","line":82,"loc":{"start":{"line":82,"column":45},"end":{"line":84,"column":66}},"locations":[{"start":{"line":82,"column":45},"end":{"line":84,"column":66}}]},"32":{"type":"branch","line":83,"loc":{"start":{"line":83,"column":31},"end":{"line":83,"column":55}},"locations":[{"start":{"line":83,"column":31},"end":{"line":83,"column":55}}]},"33":{"type":"branch","line":83,"loc":{"start":{"line":83,"column":50},"end":{"line":84,"column":66}},"locations":[{"start":{"line":83,"column":50},"end":{"line":84,"column":66}}]},"34":{"type":"branch","line":84,"loc":{"start":{"line":84,"column":48},"end":{"line":84,"column":61}},"locations":[{"start":{"line":84,"column":48},"end":{"line":84,"column":61}}]},"35":{"type":"branch","line":84,"loc":{"start":{"line":84,"column":54},"end":{"line":84,"column":66}},"locations":[{"start":{"line":84,"column":54},"end":{"line":84,"column":66}}]},"36":{"type":"branch","line":86,"loc":{"start":{"line":86,"column":4},"end":{"line":89,"column":5}},"locations":[{"start":{"line":86,"column":4},"end":{"line":89,"column":5}}]},"37":{"type":"branch","line":93,"loc":{"start":{"line":93,"column":25},"end":{"line":96,"column":5}},"locations":[{"start":{"line":93,"column":25},"end":{"line":96,"column":5}}]},"38":{"type":"branch","line":99,"loc":{"start":{"line":99,"column":44},"end":{"line":99,"column":63}},"locations":[{"start":{"line":99,"column":44},"end":{"line":99,"column":63}}]}},"b":{"0":[950],"1":[487],"2":[463],"3":[7],"4":[950],"5":[487],"6":[463],"7":[950],"8":[485],"9":[465],"10":[470],"11":[480],"12":[242],"13":[122],"14":[358],"15":[238],"16":[125],"17":[233],"18":[7],"19":[950],"20":[200],"21":[109],"22":[91],"23":[105],"24":[95],"25":[61],"26":[27],"27":[34],"28":[18],"29":[50],"30":[27],"31":[68],"32":[18],"33":[50],"34":[27],"35":[23],"36":[750],"37":[247],"38":[247]},"fnMap":{"0":{"name":"getRandomBit","decl":{"start":{"line":13,"column":0},"end":{"line":15,"column":1}},"loc":{"start":{"line":13,"column":0},"end":{"line":15,"column":1}},"line":13},"1":{"name":"generateAliceSequence","decl":{"start":{"line":17,"column":0},"end":{"line":31,"column":1}},"loc":{"start":{"line":17,"column":0},"end":{"line":31,"column":1}},"line":17},"2":{"name":"bobMeasure","decl":{"start":{"line":33,"column":0},"end":{"line":47,"column":1}},"loc":{"start":{"line":33,"column":0},"end":{"line":47,"column":1}},"line":33},"3":{"name":"simulateB92","decl":{"start":{"line":49,"column":7},"end":{"line":111,"column":1}},"loc":{"start":{"line":49,"column":7},"end":{"line":111,"column":1}},"line":49}},"f":{"0":950,"1":7,"2":950,"3":7}}
,"/Users/danpisarev/Development/nuclear-crypto/src/protocols/bb84/index.ts": {"path":"/Users/danpisarev/Development/nuclear-crypto/src/protocols/bb84/index.ts","all":false,"statementMap":{"0":{"start":{"line":1,"column":0},"end":{"line":1,"column":67}},"15":{"start":{"line":16,"column":0},"end":{"line":16,"column":64}},"16":{"start":{"line":17,"column":0},"end":{"line":17,"column":50}},"17":{"start":{"line":18,"column":0},"end":{"line":18,"column":29}},"20":{"start":{"line":21,"column":0},"end":{"line":21,"column":42}},"21":{"start":{"line":22,"column":0},"end":{"line":22,"column":44}},"22":{"start":{"line":23,"column":0},"end":{"line":23,"column":55}},"23":{"start":{"line":24,"column":0},"end":{"line":24,"column":56}},"26":{"start":{"line":27,"column":0},"end":{"line":27,"column":42}},"27":{"start":{"line":28,"column":0},"end":{"line":28,"column":44}},"28":{"start":{"line":29,"column":0},"end":{"line":29,"column":20}},"29":{"start":{"line":30,"column":0},"end":{"line":30,"column":44}},"30":{"start":{"line":31,"column":0},"end":{"line":31,"column":61}},"31":{"start":{"line":32,"column":0},"end":{"line":32,"column":48}},"32":{"start":{"line":33,"column":0},"end":{"line":33,"column":13}},"33":{"start":{"line":34,"column":0},"end":{"line":34,"column":36}},"34":{"start":{"line":35,"column":0},"end":{"line":35,"column":7}},"35":{"start":{"line":36,"column":0},"end":{"line":36,"column":38}},"36":{"start":{"line":37,"column":0},"end":{"line":37,"column":32}},"37":{"start":{"line":38,"column":0},"end":{"line":38,"column":78}},"38":{"start":{"line":39,"column":0},"end":{"line":39,"column":70}},"39":{"start":{"line":40,"column":0},"end":{"line":40,"column":3}},"42":{"start":{"line":43,"column":0},"end":{"line":43,"column":42}},"43":{"start":{"line":44,"column":0},"end":{"line":44,"column":51}},"44":{"start":{"line":45,"column":0},"end":{"line":45,"column":46}},"45":{"start":{"line":46,"column":0},"end":{"line":46,"column":11}},"46":{"start":{"line":47,"column":0},"end":{"line":47,"column":34}},"47":{"start":{"line":48,"column":0},"end":{"line":48,"column":5}},"49":{"start":{"line":50,"column":0},"end":{"line":50,"column":55}},"50":{"start":{"line":51,"column":0},"end":{"line":51,"column":55}},"53":{"start":{"line":54,"column":0},"end":{"line":54,"column":36}},"54":{"start":{"line":55,"column":0},"end":{"line":55,"column":21}},"55":{"start":{"line":56,"column":0},"end":{"line":56,"column":21}},"57":{"start":{"line":58,"column":0},"end":{"line":58,"column":36}},"58":{"start":{"line":59,"column":0},"end":{"line":59,"column":40}},"59":{"start":{"line":60,"column":0},"end":{"line":60,"column":19}},"60":{"start":{"line":61,"column":0},"end":{"line":61,"column":46}},"61":{"start":{"line":62,"column":0},"end":{"line":62,"column":52}},"62":{"start":{"line":63,"column":0},"end":{"line":63,"column":5}},"63":{"start":{"line":64,"column":0},"end":{"line":64,"column":3}},"65":{"start":{"line":66,"column":0},"end":{"line":66,"column":67}},"66":{"start":{"line":67,"column":0},"end":{"line":67,"column":41}},"68":{"start":{"line":69,"column":0},"end":{"line":69,"column":49}},"69":{"start":{"line":70,"column":0},"end":{"line":70,"column":50}},"70":{"start":{"line":71,"column":0},"end":{"line":71,"column":49}},"71":{"start":{"line":72,"column":0},"end":{"line":72,"column":61}},"73":{"start":{"line":74,"column":0},"end":{"line":74,"column":10}},"74":{"start":{"line":75,"column":0},"end":{"line":75,"column":18}},"75":{"start":{"line":76,"column":0},"end":{"line":76,"column":14}},"76":{"start":{"line":77,"column":0},"end":{"line":77,"column":10}},"77":{"start":{"line":78,"column":0},"end":{"line":78,"column":4}},"78":{"start":{"line":79,"column":0},"end":{"line":79,"column":1}}},"s":{"0":1,"15":1,"16":5,"17":5,"20":5,"21":5,"22":5,"23":5,"26":5,"27":5,"28":5,"29":2,"30":2,"31":220,"32":121,"33":99,"34":2,"35":2,"36":2,"37":2,"38":2,"39":2,"42":5,"43":5,"44":570,"45":281,"46":289,"47":5,"49":5,"50":5,"53":5,"54":5,"55":5,"57":5,"58":570,"59":302,"60":302,"61":302,"62":302,"63":570,"65":5,"66":5,"68":5,"69":5,"70":5,"71":5,"73":5,"74":5,"75":5,"76":5,"77":5,"78":5},"branchMap":{"0":{"type":"branch","line":16,"loc":{"start":{"line":16,"column":7},"end":{"line":79,"column":1}},"locations":[{"start":{"line":16,"column":7},"end":{"line":79,"column":1}}]},"1":{"type":"branch","line":29,"loc":{"start":{"line":29,"column":19},"end":{"line":40,"column":3}},"locations":[{"start":{"line":29,"column":19},"end":{"line":40,"column":3}}]},"2":{"type":"branch","line":58,"loc":{"start":{"line":58,"column":35},"end":{"line":64,"column":3}},"locations":[{"start":{"line":58,"column":35},"end":{"line":64,"column":3}}]},"3":{"type":"branch","line":59,"loc":{"start":{"line":59,"column":39},"end":{"line":63,"column":5}},"locations":[{"start":{"line":59,"column":39},"end":{"line":63,"column":5}}]},"4":{"type":"branch","line":62,"loc":{"start":{"line":62,"column":39},"end":{"line":62,"column":52}},"locations":[{"start":{"line":62,"column":39},"end":{"line":62,"column":52}}]},"5":{"type":"branch","line":66,"loc":{"start":{"line":66,"column":35},"end":{"line":66,"column":43}},"locations":[{"start":{"line":66,"column":35},"end":{"line":66,"column":43}}]},"6":{"type":"branch","line":31,"loc":{"start":{"line":31,"column":48},"end":{"line":35,"column":5}},"locations":[{"start":{"line":31,"column":48},"end":{"line":35,"column":5}}]},"7":{"type":"branch","line":32,"loc":{"start":{"line":32,"column":47},"end":{"line":33,"column":13}},"locations":[{"start":{"line":32,"column":47},"end":{"line":33,"column":13}}]},"8":{"type":"branch","line":33,"loc":{"start":{"line":33,"column":10},"end":{"line":34,"column":36}},"locations":[{"start":{"line":33,"column":10},"end":{"line":34,"column":36}}]},"9":{"type":"branch","line":44,"loc":{"start":{"line":44,"column":38},"end":{"line":48,"column":3}},"locations":[{"start":{"line":44,"column":38},"end":{"line":48,"column":3}}]},"10":{"type":"branch","line":45,"loc":{"start":{"line":45,"column":45},"end":{"line":46,"column":11}},"locations":[{"start":{"line":45,"column":45},"end":{"line":46,"column":11}}]},"11":{"type":"branch","line":46,"loc":{"start":{"line":46,"column":8},"end":{"line":47,"column":34}},"locations":[{"start":{"line":46,"column":8},"end":{"line":47,"column":34}}]}},"b":{"0":[5],"1":[2],"2":[570],"3":[302],"4":[31],"5":[0],"6":[220],"7":[121],"8":[99],"9":[570],"10":[281],"11":[289]},"fnMap":{"0":{"name":"simulateBB84","decl":{"start":{"line":16,"column":7},"end":{"line":79,"column":1}},"loc":{"start":{"line":16,"column":7},"end":{"line":79,"column":1}},"line":16}},"f":{"0":5}}
,"/Users/danpisarev/Development/nuclear-crypto/src/protocols/e91/index.ts": {"path":"/Users/danpisarev/Development/nuclear-crypto/src/protocols/e91/index.ts","all":false,"statementMap":{"15":{"start":{"line":16,"column":0},"end":{"line":16,"column":30}},"16":{"start":{"line":17,"column":0},"end":{"line":17,"column":37}},"17":{"start":{"line":18,"column":0},"end":{"line":18,"column":1}},"19":{"start":{"line":20,"column":0},"end":{"line":20,"column":39}},"20":{"start":{"line":21,"column":0},"end":{"line":21,"column":44}},"21":{"start":{"line":22,"column":0},"end":{"line":22,"column":55}},"22":{"start":{"line":23,"column":0},"end":{"line":23,"column":1}},"24":{"start":{"line":25,"column":0},"end":{"line":25,"column":40}},"25":{"start":{"line":26,"column":0},"end":{"line":26,"column":47}},"26":{"start":{"line":27,"column":0},"end":{"line":27,"column":58}},"27":{"start":{"line":28,"column":0},"end":{"line":28,"column":1}},"29":{"start":{"line":30,"column":0},"end":{"line":30,"column":29}},"30":{"start":{"line":31,"column":0},"end":{"line":31,"column":9}},"31":{"start":{"line":32,"column":0},"end":{"line":32,"column":22}},"32":{"start":{"line":33,"column":0},"end":{"line":33,"column":4}},"35":{"start":{"line":36,"column":0},"end":{"line":36,"column":15}},"36":{"start":{"line":37,"column":0},"end":{"line":37,"column":30}},"37":{"start":{"line":38,"column":0},"end":{"line":38,"column":28}},"38":{"start":{"line":39,"column":0},"end":{"line":39,"column":33}},"39":{"start":{"line":40,"column":0},"end":{"line":40,"column":34}},"40":{"start":{"line":41,"column":0},"end":{"line":41,"column":38}},"41":{"start":{"line":42,"column":0},"end":{"line":42,"column":35}},"42":{"start":{"line":43,"column":0},"end":{"line":43,"column":33}},"43":{"start":{"line":44,"column":0},"end":{"line":44,"column":33}},"45":{"start":{"line":46,"column":0},"end":{"line":46,"column":36}},"47":{"start":{"line":48,"column":0},"end":{"line":48,"column":41}},"48":{"start":{"line":49,"column":0},"end":{"line":49,"column":39}},"49":{"start":{"line":50,"column":0},"end":{"line":50,"column":28}},"50":{"start":{"line":51,"column":0},"end":{"line":51,"column":26}},"52":{"start":{"line":53,"column":0},"end":{"line":53,"column":43}},"53":{"start":{"line":54,"column":0},"end":{"line":54,"column":54}},"56":{"start":{"line":57,"column":0},"end":{"line":57,"column":22}},"58":{"start":{"line":59,"column":0},"end":{"line":59,"column":36}},"59":{"start":{"line":60,"column":0},"end":{"line":60,"column":79}},"60":{"start":{"line":61,"column":0},"end":{"line":61,"column":5}},"62":{"start":{"line":63,"column":0},"end":{"line":63,"column":33}},"63":{"start":{"line":64,"column":0},"end":{"line":64,"column":30}},"65":{"start":{"line":66,"column":0},"end":{"line":66,"column":22}},"66":{"start":{"line":67,"column":0},"end":{"line":67,"column":45}},"67":{"start":{"line":68,"column":0},"end":{"line":68,"column":43}},"69":{"start":{"line":70,"column":0},"end":{"line":70,"column":21}},"70":{"start":{"line":71,"column":0},"end":{"line":71,"column":29}},"71":{"start":{"line":72,"column":0},"end":{"line":72,"column":40}},"72":{"start":{"line":73,"column":0},"end":{"line":73,"column":37}},"73":{"start":{"line":74,"column":0},"end":{"line":74,"column":31}},"74":{"start":{"line":75,"column":0},"end":{"line":75,"column":5}},"75":{"start":{"line":76,"column":0},"end":{"line":76,"column":3}},"77":{"start":{"line":78,"column":0},"end":{"line":78,"column":10}},"78":{"start":{"line":79,"column":0},"end":{"line":79,"column":14}},"79":{"start":{"line":80,"column":0},"end":{"line":80,"column":12}},"80":{"start":{"line":81,"column":0},"end":{"line":81,"column":15}},"81":{"start":{"line":82,"column":0},"end":{"line":82,"column":13}},"82":{"start":{"line":83,"column":0},"end":{"line":83,"column":19}},"83":{"start":{"line":84,"column":0},"end":{"line":84,"column":19}},"84":{"start":{"line":85,"column":0},"end":{"line":85,"column":17}},"85":{"start":{"line":86,"column":0},"end":{"line":86,"column":27}},"86":{"start":{"line":87,"column":0},"end":{"line":87,"column":4}},"87":{"start":{"line":88,"column":0},"end":{"line":88,"column":1}}},"s":{"15":2500,"16":2500,"17":2500,"19":1500,"20":1500,"21":1500,"22":1500,"24":1500,"25":1500,"26":1500,"27":1500,"29":1,"30":8,"31":8,"32":8,"35":8,"36":8,"37":8,"38":8,"39":8,"40":8,"41":8,"42":8,"43":8,"45":8,"47":1500,"48":1500,"49":1500,"50":1500,"52":1500,"53":1500,"56":1500,"58":500,"59":500,"60":500,"62":1500,"63":1500,"65":1500,"66":1500,"67":1336,"69":1500,"70":349,"71":349,"72":349,"73":349,"74":349,"75":1500,"77":8,"78":8,"79":8,"80":8,"81":8,"82":8,"83":8,"84":8,"85":8,"86":8,"87":8},"branchMap":{"0":{"type":"branch","line":16,"loc":{"start":{"line":16,"column":0},"end":{"line":18,"column":1}},"locations":[{"start":{"line":16,"column":0},"end":{"line":18,"column":1}}]},"1":{"type":"branch","line":17,"loc":{"start":{"line":17,"column":25},"end":{"line":17,"column":35}},"locations":[{"start":{"line":17,"column":25},"end":{"line":17,"column":35}}]},"2":{"type":"branch","line":17,"loc":{"start":{"line":17,"column":31},"end":{"line":17,"column":37}},"locations":[{"start":{"line":17,"column":31},"end":{"line":17,"column":37}}]},"3":{"type":"branch","line":20,"loc":{"start":{"line":20,"column":0},"end":{"line":23,"column":1}},"locations":[{"start":{"line":20,"column":0},"end":{"line":23,"column":1}}]},"4":{"type":"branch","line":25,"loc":{"start":{"line":25,"column":0},"end":{"line":28,"column":1}},"locations":[{"start":{"line":25,"column":0},"end":{"line":28,"column":1}}]},"5":{"type":"branch","line":30,"loc":{"start":{"line":30,"column":7},"end":{"line":88,"column":1}},"locations":[{"start":{"line":30,"column":7},"end":{"line":88,"column":1}}]},"6":{"type":"branch","line":46,"loc":{"start":{"line":46,"column":35},"end":{"line":76,"column":3}},"locations":[{"start":{"line":46,"column":35},"end":{"line":76,"column":3}}]},"7":{"type":"branch","line":54,"loc":{"start":{"line":54,"column":44},"end":{"line":54,"column":52}},"locations":[{"start":{"line":54,"column":44},"end":{"line":54,"column":52}}]},"8":{"type":"branch","line":54,"loc":{"start":{"line":54,"column":48},"end":{"line":54,"column":54}},"locations":[{"start":{"line":54,"column":48},"end":{"line":54,"column":54}}]},"9":{"type":"branch","line":57,"loc":{"start":{"line":57,"column":21},"end":{"line":61,"column":5}},"locations":[{"start":{"line":57,"column":21},"end":{"line":61,"column":5}}]},"10":{"type":"branch","line":67,"loc":{"start":{"line":67,"column":18},"end":{"line":67,"column":45}},"locations":[{"start":{"line":67,"column":18},"end":{"line":67,"column":45}}]},"11":{"type":"branch","line":67,"loc":{"start":{"line":67,"column":37},"end":{"line":68,"column":43}},"locations":[{"start":{"line":67,"column":37},"end":{"line":68,"column":43}}]},"12":{"type":"branch","line":68,"loc":{"start":{"line":68,"column":18},"end":{"line":68,"column":43}},"locations":[{"start":{"line":68,"column":18},"end":{"line":68,"column":43}}]},"13":{"type":"branch","line":70,"loc":{"start":{"line":70,"column":20},"end":{"line":75,"column":5}},"locations":[{"start":{"line":70,"column":20},"end":{"line":75,"column":5}}]}},"b":{"0":[2500],"1":[1259],"2":[1241],"3":[1500],"4":[1500],"5":[8],"6":[1500],"7":[753],"8":[747],"9":[500],"10":[454],"11":[1336],"12":[537],"13":[349]},"fnMap":{"0":{"name":"getRandomBit","decl":{"start":{"line":16,"column":0},"end":{"line":18,"column":1}},"loc":{"start":{"line":16,"column":0},"end":{"line":18,"column":1}},"line":16},"1":{"name":"getRandomAliceBasis","decl":{"start":{"line":20,"column":0},"end":{"line":23,"column":1}},"loc":{"start":{"line":20,"column":0},"end":{"line":23,"column":1}},"line":20},"2":{"name":"getRandomBobBasis","decl":{"start":{"line":25,"column":0},"end":{"line":28,"column":1}},"loc":{"start":{"line":25,"column":0},"end":{"line":28,"column":1}},"line":25},"3":{"name":"simulateE91","decl":{"start":{"line":30,"column":7},"end":{"line":88,"column":1}},"loc":{"start":{"line":30,"column":7},"end":{"line":88,"column":1}},"line":30}},"f":{"0":2500,"1":1500,"2":1500,"3":8}}
,"/Users/danpisarev/Development/nuclear-crypto/src/protocols/lm05/index.ts": {"path":"/Users/danpisarev/Development/nuclear-crypto/src/protocols/lm05/index.ts","all":false,"statementMap":{"15":{"start":{"line":16,"column":0},"end":{"line":16,"column":30}},"16":{"start":{"line":17,"column":0},"end":{"line":17,"column":37}},"17":{"start":{"line":18,"column":0},"end":{"line":18,"column":1}},"19":{"start":{"line":20,"column":0},"end":{"line":20,"column":34}},"20":{"start":{"line":21,"column":0},"end":{"line":21,"column":41}},"21":{"start":{"line":22,"column":0},"end":{"line":22,"column":1}},"23":{"start":{"line":24,"column":0},"end":{"line":24,"column":47}},"24":{"start":{"line":25,"column":0},"end":{"line":25,"column":49}},"25":{"start":{"line":26,"column":0},"end":{"line":26,"column":20}},"26":{"start":{"line":27,"column":0},"end":{"line":27,"column":20}},"27":{"start":{"line":28,"column":0},"end":{"line":28,"column":4}},"28":{"start":{"line":29,"column":0},"end":{"line":29,"column":39}},"29":{"start":{"line":30,"column":0},"end":{"line":30,"column":1}},"31":{"start":{"line":32,"column":0},"end":{"line":32,"column":41}},"32":{"start":{"line":33,"column":0},"end":{"line":33,"column":18}},"33":{"start":{"line":34,"column":0},"end":{"line":34,"column":14}},"34":{"start":{"line":35,"column":0},"end":{"line":35,"column":18}},"35":{"start":{"line":36,"column":0},"end":{"line":36,"column":14}},"36":{"start":{"line":37,"column":0},"end":{"line":37,"column":18}},"37":{"start":{"line":38,"column":0},"end":{"line":38,"column":14}},"38":{"start":{"line":39,"column":0},"end":{"line":39,"column":18}},"39":{"start":{"line":40,"column":0},"end":{"line":40,"column":14}},"40":{"start":{"line":41,"column":0},"end":{"line":41,"column":18}},"41":{"start":{"line":42,"column":0},"end":{"line":42,"column":3}},"42":{"start":{"line":43,"column":0},"end":{"line":43,"column":1}},"44":{"start":{"line":45,"column":0},"end":{"line":45,"column":66}},"45":{"start":{"line":46,"column":0},"end":{"line":46,"column":20}},"46":{"start":{"line":47,"column":0},"end":{"line":47,"column":20}},"47":{"start":{"line":48,"column":0},"end":{"line":48,"column":20}},"48":{"start":{"line":49,"column":0},"end":{"line":49,"column":11}},"51":{"start":{"line":52,"column":0},"end":{"line":52,"column":49}},"53":{"start":{"line":54,"column":0},"end":{"line":54,"column":61}},"54":{"start":{"line":55,"column":0},"end":{"line":55,"column":1}},"56":{"start":{"line":57,"column":0},"end":{"line":57,"column":30}},"57":{"start":{"line":58,"column":0},"end":{"line":58,"column":9}},"58":{"start":{"line":59,"column":0},"end":{"line":59,"column":22}},"59":{"start":{"line":60,"column":0},"end":{"line":60,"column":4}},"62":{"start":{"line":63,"column":0},"end":{"line":63,"column":16}},"63":{"start":{"line":64,"column":0},"end":{"line":64,"column":39}},"64":{"start":{"line":65,"column":0},"end":{"line":65,"column":31}},"65":{"start":{"line":66,"column":0},"end":{"line":66,"column":36}},"66":{"start":{"line":67,"column":0},"end":{"line":67,"column":40}},"67":{"start":{"line":68,"column":0},"end":{"line":68,"column":35}},"68":{"start":{"line":69,"column":0},"end":{"line":69,"column":33}},"69":{"start":{"line":70,"column":0},"end":{"line":70,"column":21}},"70":{"start":{"line":71,"column":0},"end":{"line":71,"column":27}},"72":{"start":{"line":73,"column":0},"end":{"line":73,"column":36}},"73":{"start":{"line":74,"column":0},"end":{"line":74,"column":35}},"74":{"start":{"line":75,"column":0},"end":{"line":75,"column":48}},"75":{"start":{"line":76,"column":0},"end":{"line":76,"column":25}},"76":{"start":{"line":77,"column":0},"end":{"line":77,"column":40}},"78":{"start":{"line":79,"column":0},"end":{"line":79,"column":40}},"81":{"start":{"line":82,"column":0},"end":{"line":82,"column":22}},"82":{"start":{"line":83,"column":0},"end":{"line":83,"column":25}},"83":{"start":{"line":84,"column":0},"end":{"line":84,"column":41}},"84":{"start":{"line":85,"column":0},"end":{"line":85,"column":104}},"85":{"start":{"line":86,"column":0},"end":{"line":86,"column":5}},"87":{"start":{"line":88,"column":0},"end":{"line":88,"column":61}},"88":{"start":{"line":89,"column":0},"end":{"line":89,"column":36}},"90":{"start":{"line":91,"column":0},"end":{"line":91,"column":25}},"91":{"start":{"line":92,"column":0},"end":{"line":92,"column":71}},"94":{"start":{"line":95,"column":0},"end":{"line":95,"column":35}},"95":{"start":{"line":96,"column":0},"end":{"line":96,"column":22}},"96":{"start":{"line":97,"column":0},"end":{"line":97,"column":41}},"97":{"start":{"line":98,"column":0},"end":{"line":98,"column":91}},"98":{"start":{"line":99,"column":0},"end":{"line":99,"column":5}},"100":{"start":{"line":101,"column":0},"end":{"line":101,"column":39}},"102":{"start":{"line":103,"column":0},"end":{"line":103,"column":59}},"103":{"start":{"line":104,"column":0},"end":{"line":104,"column":35}},"104":{"start":{"line":105,"column":0},"end":{"line":105,"column":34}},"106":{"start":{"line":107,"column":0},"end":{"line":107,"column":47}},"107":{"start":{"line":108,"column":0},"end":{"line":108,"column":3}},"109":{"start":{"line":110,"column":0},"end":{"line":110,"column":10}},"110":{"start":{"line":111,"column":0},"end":{"line":111,"column":21}},"111":{"start":{"line":112,"column":0},"end":{"line":112,"column":13}},"112":{"start":{"line":113,"column":0},"end":{"line":113,"column":20}},"113":{"start":{"line":114,"column":0},"end":{"line":114,"column":22}},"114":{"start":{"line":115,"column":0},"end":{"line":115,"column":19}},"115":{"start":{"line":116,"column":0},"end":{"line":116,"column":17}},"116":{"start":{"line":117,"column":0},"end":{"line":117,"column":15}},"117":{"start":{"line":118,"column":0},"end":{"line":118,"column":65}},"118":{"start":{"line":119,"column":0},"end":{"line":119,"column":4}},"119":{"start":{"line":120,"column":0},"end":{"line":120,"column":1}}},"s":{"15":2100,"16":2100,"17":2100,"19":2150,"20":2150,"21":2150,"23":1050,"24":1050,"25":1050,"26":1050,"27":1050,"28":1050,"29":1050,"31":500,"32":500,"33":500,"34":127,"35":500,"36":143,"37":500,"38":112,"39":500,"40":118,"41":500,"42":500,"44":1100,"45":1100,"46":1100,"47":1100,"48":1100,"51":1100,"53":1100,"54":1100,"56":1,"57":10,"58":10,"59":10,"62":10,"63":10,"64":10,"65":10,"66":10,"67":10,"68":10,"69":10,"70":10,"72":10,"73":1050,"74":1050,"75":1050,"76":1050,"78":1050,"81":1050,"82":550,"83":550,"84":550,"85":550,"87":1050,"88":1050,"90":1050,"91":1050,"94":1050,"95":1050,"96":550,"97":550,"98":550,"100":1050,"102":1050,"103":1050,"104":1050,"106":1050,"107":1050,"109":10,"110":10,"111":10,"112":10,"113":10,"114":10,"115":10,"116":10,"117":10,"118":10,"119":10},"branchMap":{"0":{"type":"branch","line":16,"loc":{"start":{"line":16,"column":0},"end":{"line":18,"column":1}},"locations":[{"start":{"line":16,"column":0},"end":{"line":18,"column":1}}]},"1":{"type":"branch","line":17,"loc":{"start":{"line":17,"column":25},"end":{"line":17,"column":35}},"locations":[{"start":{"line":17,"column":25},"end":{"line":17,"column":35}}]},"2":{"type":"branch","line":17,"loc":{"start":{"line":17,"column":31},"end":{"line":17,"column":37}},"locations":[{"start":{"line":17,"column":31},"end":{"line":17,"column":37}}]},"3":{"type":"branch","line":20,"loc":{"start":{"line":20,"column":0},"end":{"line":22,"column":1}},"locations":[{"start":{"line":20,"column":0},"end":{"line":22,"column":1}}]},"4":{"type":"branch","line":21,"loc":{"start":{"line":21,"column":25},"end":{"line":21,"column":37}},"locations":[{"start":{"line":21,"column":25},"end":{"line":21,"column":37}}]},"5":{"type":"branch","line":21,"loc":{"start":{"line":21,"column":31},"end":{"line":21,"column":41}},"locations":[{"start":{"line":21,"column":31},"end":{"line":21,"column":41}}]},"6":{"type":"branch","line":24,"loc":{"start":{"line":24,"column":0},"end":{"line":30,"column":1}},"locations":[{"start":{"line":24,"column":0},"end":{"line":30,"column":1}}]},"7":{"type":"branch","line":32,"loc":{"start":{"line":32,"column":0},"end":{"line":43,"column":1}},"locations":[{"start":{"line":32,"column":0},"end":{"line":43,"column":1}}]},"8":{"type":"branch","line":34,"loc":{"start":{"line":34,"column":4},"end":{"line":35,"column":18}},"locations":[{"start":{"line":34,"column":4},"end":{"line":35,"column":18}}]},"9":{"type":"branch","line":36,"loc":{"start":{"line":36,"column":4},"end":{"line":37,"column":18}},"locations":[{"start":{"line":36,"column":4},"end":{"line":37,"column":18}}]},"10":{"type":"branch","line":38,"loc":{"start":{"line":38,"column":4},"end":{"line":39,"column":18}},"locations":[{"start":{"line":38,"column":4},"end":{"line":39,"column":18}}]},"11":{"type":"branch","line":40,"loc":{"start":{"line":40,"column":4},"end":{"line":41,"column":18}},"locations":[{"start":{"line":40,"column":4},"end":{"line":41,"column":18}}]},"12":{"type":"branch","line":45,"loc":{"start":{"line":45,"column":0},"end":{"line":55,"column":1}},"locations":[{"start":{"line":45,"column":0},"end":{"line":55,"column":1}}]},"13":{"type":"branch","line":52,"loc":{"start":{"line":52,"column":16},"end":{"line":52,"column":36}},"locations":[{"start":{"line":52,"column":16},"end":{"line":52,"column":36}}]},"14":{"type":"branch","line":52,"loc":{"start":{"line":52,"column":36},"end":{"line":52,"column":49}},"locations":[{"start":{"line":52,"column":36},"end":{"line":52,"column":49}}]},"15":{"type":"branch","line":52,"loc":{"start":{"line":52,"column":43},"end":{"line":54,"column":32}},"locations":[{"start":{"line":52,"column":43},"end":{"line":54,"column":32}}]},"16":{"type":"branch","line":54,"loc":{"start":{"line":54,"column":25},"end":{"line":54,"column":48}},"locations":[{"start":{"line":54,"column":25},"end":{"line":54,"column":48}}]},"17":{"type":"branch","line":54,"loc":{"start":{"line":54,"column":32},"end":{"line":54,"column":61}},"locations":[{"start":{"line":54,"column":32},"end":{"line":54,"column":61}}]},"18":{"type":"branch","line":57,"loc":{"start":{"line":57,"column":7},"end":{"line":120,"column":1}},"locations":[{"start":{"line":57,"column":7},"end":{"line":120,"column":1}}]},"19":{"type":"branch","line":73,"loc":{"start":{"line":73,"column":35},"end":{"line":108,"column":3}},"locations":[{"start":{"line":73,"column":35},"end":{"line":108,"column":3}}]},"20":{"type":"branch","line":82,"loc":{"start":{"line":82,"column":21},"end":{"line":86,"column":5}},"locations":[{"start":{"line":82,"column":21},"end":{"line":86,"column":5}}]},"21":{"type":"branch","line":92,"loc":{"start":{"line":92,"column":20},"end":{"line":92,"column":54}},"locations":[{"start":{"line":92,"column":20},"end":{"line":92,"column":54}}]},"22":{"type":"branch","line":92,"loc":{"start":{"line":92,"column":50},"end":{"line":92,"column":71}},"locations":[{"start":{"line":92,"column":50},"end":{"line":92,"column":71}}]},"23":{"type":"branch","line":96,"loc":{"start":{"line":96,"column":21},"end":{"line":99,"column":5}},"locations":[{"start":{"line":96,"column":21},"end":{"line":99,"column":5}}]},"24":{"type":"branch","line":103,"loc":{"start":{"line":103,"column":38},"end":{"line":103,"column":57}},"locations":[{"start":{"line":103,"column":38},"end":{"line":103,"column":57}}]},"25":{"type":"branch","line":103,"loc":{"start":{"line":103,"column":53},"end":{"line":103,"column":59}},"locations":[{"start":{"line":103,"column":53},"end":{"line":103,"column":59}}]},"26":{"type":"branch","line":107,"loc":{"start":{"line":107,"column":34},"end":{"line":107,"column":47}},"locations":[{"start":{"line":107,"column":34},"end":{"line":107,"column":47}}]},"27":{"type":"branch","line":118,"loc":{"start":{"line":118,"column":22},"end":{"line":118,"column":55}},"locations":[{"start":{"line":118,"column":22},"end":{"line":118,"column":55}}]},"28":{"type":"branch","line":118,"loc":{"start":{"line":118,"column":36},"end":{"line":118,"column":65}},"locations":[{"start":{"line":118,"column":36},"end":{"line":118,"column":65}}]}},"b":{"0":[2100],"1":[1069],"2":[1031],"3":[2150],"4":[1120],"5":[1030],"6":[1050],"7":[500],"8":[127],"9":[143],"10":[112],"11":[118],"12":[1100],"13":[818],"14":[562],"15":[538],"16":[249],"17":[289],"18":[10],"19":[1050],"20":[550],"21":[500],"22":[550],"23":[550],"24":[416],"25":[634],"26":[194],"27":[4],"28":[6]},"fnMap":{"0":{"name":"getRandomBit","decl":{"start":{"line":16,"column":0},"end":{"line":18,"column":1}},"loc":{"start":{"line":16,"column":0},"end":{"line":18,"column":1}},"line":16},"1":{"name":"getRandomBasis","decl":{"start":{"line":20,"column":0},"end":{"line":22,"column":1}},"loc":{"start":{"line":20,"column":0},"end":{"line":22,"column":1}},"line":20},"2":{"name":"getInitialState","decl":{"start":{"line":24,"column":0},"end":{"line":30,"column":1}},"loc":{"start":{"line":24,"column":0},"end":{"line":30,"column":1}},"line":24},"3":{"name":"flipState","decl":{"start":{"line":32,"column":0},"end":{"line":43,"column":1}},"loc":{"start":{"line":32,"column":0},"end":{"line":43,"column":1}},"line":32},"4":{"name":"measureStateRandomly","decl":{"start":{"line":45,"column":0},"end":{"line":55,"column":1}},"loc":{"start":{"line":45,"column":0},"end":{"line":55,"column":1}},"line":45},"5":{"name":"simulateLM05","decl":{"start":{"line":57,"column":7},"end":{"line":120,"column":1}},"loc":{"start":{"line":57,"column":7},"end":{"line":120,"column":1}},"line":57}},"f":{"0":2100,"1":2150,"2":1050,"3":500,"4":1100,"5":10}}
,"/Users/danpisarev/Development/nuclear-crypto/src/protocols/sarg04/index.ts": {"path":"/Users/danpisarev/Development/nuclear-crypto/src/protocols/sarg04/index.ts","all":false,"statementMap":{"20":{"start":{"line":21,"column":0},"end":{"line":21,"column":47}},"21":{"start":{"line":22,"column":0},"end":{"line":22,"column":20}},"22":{"start":{"line":23,"column":0},"end":{"line":23,"column":20}},"23":{"start":{"line":24,"column":0},"end":{"line":24,"column":2}},"25":{"start":{"line":26,"column":0},"end":{"line":26,"column":63}},"26":{"start":{"line":27,"column":0},"end":{"line":27,"column":33}},"28":{"start":{"line":29,"column":0},"end":{"line":29,"column":47}},"29":{"start":{"line":30,"column":0},"end":{"line":30,"column":22}},"30":{"start":{"line":31,"column":0},"end":{"line":31,"column":3}},"32":{"start":{"line":33,"column":0},"end":{"line":33,"column":39}},"33":{"start":{"line":34,"column":0},"end":{"line":34,"column":1}},"36":{"start":{"line":37,"column":0},"end":{"line":37,"column":32}},"37":{"start":{"line":38,"column":0},"end":{"line":38,"column":9}},"38":{"start":{"line":39,"column":0},"end":{"line":39,"column":22}},"39":{"start":{"line":40,"column":0},"end":{"line":40,"column":4}},"42":{"start":{"line":43,"column":0},"end":{"line":43,"column":18}},"43":{"start":{"line":44,"column":0},"end":{"line":44,"column":30}},"44":{"start":{"line":45,"column":0},"end":{"line":45,"column":33}},"45":{"start":{"line":46,"column":0},"end":{"line":46,"column":34}},"46":{"start":{"line":47,"column":0},"end":{"line":47,"column":42}},"47":{"start":{"line":48,"column":0},"end":{"line":48,"column":39}},"48":{"start":{"line":49,"column":0},"end":{"line":49,"column":46}},"49":{"start":{"line":50,"column":0},"end":{"line":50,"column":31}},"50":{"start":{"line":51,"column":0},"end":{"line":51,"column":38}},"51":{"start":{"line":52,"column":0},"end":{"line":52,"column":35}},"52":{"start":{"line":53,"column":0},"end":{"line":53,"column":33}},"53":{"start":{"line":54,"column":0},"end":{"line":54,"column":38}},"54":{"start":{"line":55,"column":0},"end":{"line":55,"column":17}},"56":{"start":{"line":57,"column":0},"end":{"line":57,"column":36}},"58":{"start":{"line":59,"column":0},"end":{"line":59,"column":49}},"59":{"start":{"line":60,"column":0},"end":{"line":60,"column":57}},"60":{"start":{"line":61,"column":0},"end":{"line":61,"column":44}},"61":{"start":{"line":62,"column":0},"end":{"line":62,"column":47}},"63":{"start":{"line":64,"column":0},"end":{"line":64,"column":24}},"64":{"start":{"line":65,"column":0},"end":{"line":65,"column":27}},"65":{"start":{"line":66,"column":0},"end":{"line":66,"column":28}},"66":{"start":{"line":67,"column":0},"end":{"line":67,"column":26}},"68":{"start":{"line":69,"column":0},"end":{"line":69,"column":33}},"71":{"start":{"line":72,"column":0},"end":{"line":72,"column":22}},"72":{"start":{"line":73,"column":0},"end":{"line":73,"column":62}},"73":{"start":{"line":74,"column":0},"end":{"line":74,"column":54}},"74":{"start":{"line":75,"column":0},"end":{"line":75,"column":55}},"76":{"start":{"line":77,"column":0},"end":{"line":77,"column":30}},"77":{"start":{"line":78,"column":0},"end":{"line":78,"column":37}},"78":{"start":{"line":79,"column":0},"end":{"line":79,"column":34}},"79":{"start":{"line":80,"column":0},"end":{"line":80,"column":12}},"80":{"start":{"line":81,"column":0},"end":{"line":81,"column":25}},"81":{"start":{"line":82,"column":0},"end":{"line":82,"column":32}},"82":{"start":{"line":83,"column":0},"end":{"line":83,"column":5}},"85":{"start":{"line":86,"column":0},"end":{"line":86,"column":60}},"86":{"start":{"line":87,"column":0},"end":{"line":87,"column":75}},"88":{"start":{"line":89,"column":0},"end":{"line":89,"column":28}},"89":{"start":{"line":90,"column":0},"end":{"line":90,"column":41}},"92":{"start":{"line":93,"column":0},"end":{"line":93,"column":40}},"93":{"start":{"line":94,"column":0},"end":{"line":94,"column":68}},"94":{"start":{"line":95,"column":0},"end":{"line":95,"column":31}},"95":{"start":{"line":96,"column":0},"end":{"line":96,"column":38}},"96":{"start":{"line":97,"column":0},"end":{"line":97,"column":29}},"98":{"start":{"line":99,"column":0},"end":{"line":99,"column":48}},"99":{"start":{"line":100,"column":0},"end":{"line":100,"column":17}},"100":{"start":{"line":101,"column":0},"end":{"line":101,"column":7}},"101":{"start":{"line":102,"column":0},"end":{"line":102,"column":5}},"102":{"start":{"line":103,"column":0},"end":{"line":103,"column":3}},"104":{"start":{"line":105,"column":0},"end":{"line":105,"column":10}},"105":{"start":{"line":106,"column":0},"end":{"line":106,"column":14}},"106":{"start":{"line":107,"column":0},"end":{"line":107,"column":15}},"107":{"start":{"line":108,"column":0},"end":{"line":108,"column":16}},"108":{"start":{"line":109,"column":0},"end":{"line":109,"column":15}},"109":{"start":{"line":110,"column":0},"end":{"line":110,"column":13}},"110":{"start":{"line":111,"column":0},"end":{"line":111,"column":20}},"111":{"start":{"line":112,"column":0},"end":{"line":112,"column":13}},"112":{"start":{"line":113,"column":0},"end":{"line":113,"column":20}},"113":{"start":{"line":114,"column":0},"end":{"line":114,"column":19}},"114":{"start":{"line":115,"column":0},"end":{"line":115,"column":17}},"115":{"start":{"line":116,"column":0},"end":{"line":116,"column":19}},"116":{"start":{"line":117,"column":0},"end":{"line":117,"column":34}},"117":{"start":{"line":118,"column":0},"end":{"line":118,"column":4}},"118":{"start":{"line":119,"column":0},"end":{"line":119,"column":1}}},"s":{"20":1,"21":1,"22":1,"23":1,"25":650,"26":650,"28":650,"29":307,"30":307,"32":650,"33":650,"36":1,"37":5,"38":5,"39":5,"42":5,"43":5,"44":5,"45":5,"46":5,"47":5,"48":5,"49":5,"50":5,"51":5,"52":5,"53":5,"54":5,"56":5,"58":650,"59":650,"60":650,"61":650,"63":650,"64":650,"65":650,"66":650,"68":650,"71":650,"72":200,"73":200,"74":200,"76":200,"77":200,"78":200,"79":650,"80":450,"81":450,"82":450,"85":650,"86":650,"88":650,"89":650,"92":650,"93":309,"94":309,"95":309,"96":309,"98":309,"99":41,"100":41,"101":309,"102":650,"104":5,"105":5,"106":5,"107":5,"108":5,"109":5,"110":5,"111":5,"112":5,"113":5,"114":5,"115":5,"116":5,"117":5,"118":5},"branchMap":{"0":{"type":"branch","line":26,"loc":{"start":{"line":26,"column":0},"end":{"line":34,"column":1}},"locations":[{"start":{"line":26,"column":0},"end":{"line":34,"column":1}}]},"1":{"type":"branch","line":29,"loc":{"start":{"line":29,"column":21},"end":{"line":29,"column":46}},"locations":[{"start":{"line":29,"column":21},"end":{"line":29,"column":46}}]},"2":{"type":"branch","line":29,"loc":{"start":{"line":29,"column":46},"end":{"line":31,"column":3}},"locations":[{"start":{"line":29,"column":46},"end":{"line":31,"column":3}}]},"3":{"type":"branch","line":31,"loc":{"start":{"line":31,"column":2},"end":{"line":33,"column":31}},"locations":[{"start":{"line":31,"column":2},"end":{"line":33,"column":31}}]},"4":{"type":"branch","line":33,"loc":{"start":{"line":33,"column":25},"end":{"line":33,"column":36}},"locations":[{"start":{"line":33,"column":25},"end":{"line":33,"column":36}}]},"5":{"type":"branch","line":33,"loc":{"start":{"line":33,"column":31},"end":{"line":33,"column":39}},"locations":[{"start":{"line":33,"column":31},"end":{"line":33,"column":39}}]},"6":{"type":"branch","line":37,"loc":{"start":{"line":37,"column":7},"end":{"line":119,"column":1}},"locations":[{"start":{"line":37,"column":7},"end":{"line":119,"column":1}}]},"7":{"type":"branch","line":57,"loc":{"start":{"line":57,"column":35},"end":{"line":103,"column":3}},"locations":[{"start":{"line":57,"column":35},"end":{"line":103,"column":3}}]},"8":{"type":"branch","line":59,"loc":{"start":{"line":59,"column":37},"end":{"line":59,"column":47}},"locations":[{"start":{"line":59,"column":37},"end":{"line":59,"column":47}}]},"9":{"type":"branch","line":59,"loc":{"start":{"line":59,"column":43},"end":{"line":59,"column":49}},"locations":[{"start":{"line":59,"column":43},"end":{"line":59,"column":49}}]},"10":{"type":"branch","line":60,"loc":{"start":{"line":60,"column":41},"end":{"line":60,"column":53}},"locations":[{"start":{"line":60,"column":41},"end":{"line":60,"column":53}}]},"11":{"type":"branch","line":60,"loc":{"start":{"line":60,"column":47},"end":{"line":60,"column":57}},"locations":[{"start":{"line":60,"column":47},"end":{"line":60,"column":57}}]},"12":{"type":"branch","line":72,"loc":{"start":{"line":72,"column":21},"end":{"line":80,"column":11}},"locations":[{"start":{"line":72,"column":21},"end":{"line":80,"column":11}}]},"13":{"type":"branch","line":73,"loc":{"start":{"line":73,"column":46},"end":{"line":73,"column":58}},"locations":[{"start":{"line":73,"column":46},"end":{"line":73,"column":58}}]},"14":{"type":"branch","line":73,"loc":{"start":{"line":73,"column":52},"end":{"line":73,"column":62}},"locations":[{"start":{"line":73,"column":52},"end":{"line":73,"column":62}}]},"15":{"type":"branch","line":74,"loc":{"start":{"line":74,"column":42},"end":{"line":74,"column":52}},"locations":[{"start":{"line":74,"column":42},"end":{"line":74,"column":52}}]},"16":{"type":"branch","line":74,"loc":{"start":{"line":74,"column":48},"end":{"line":74,"column":54}},"locations":[{"start":{"line":74,"column":48},"end":{"line":74,"column":54}}]},"17":{"type":"branch","line":80,"loc":{"start":{"line":80,"column":4},"end":{"line":83,"column":5}},"locations":[{"start":{"line":80,"column":4},"end":{"line":83,"column":5}}]},"18":{"type":"branch","line":86,"loc":{"start":{"line":86,"column":44},"end":{"line":86,"column":56}},"locations":[{"start":{"line":86,"column":44},"end":{"line":86,"column":56}}]},"19":{"type":"branch","line":86,"loc":{"start":{"line":86,"column":50},"end":{"line":86,"column":60}},"locations":[{"start":{"line":86,"column":50},"end":{"line":86,"column":60}}]},"20":{"type":"branch","line":93,"loc":{"start":{"line":93,"column":39},"end":{"line":102,"column":5}},"locations":[{"start":{"line":93,"column":39},"end":{"line":102,"column":5}}]},"21":{"type":"branch","line":99,"loc":{"start":{"line":99,"column":27},"end":{"line":99,"column":47}},"locations":[{"start":{"line":99,"column":27},"end":{"line":99,"column":47}}]},"22":{"type":"branch","line":99,"loc":{"start":{"line":99,"column":47},"end":{"line":101,"column":7}},"locations":[{"start":{"line":99,"column":47},"end":{"line":101,"column":7}}]}},"b":{"0":[650],"1":[502],"2":[307],"3":[343],"4":[178],"5":[165],"6":[5],"7":[650],"8":[328],"9":[322],"10":[329],"11":[321],"12":[200],"13":[111],"14":[89],"15":[92],"16":[108],"17":[450],"18":[318],"19":[332],"20":[309],"21":[41],"22":[41]},"fnMap":{"0":{"name":"measureState","decl":{"start":{"line":26,"column":0},"end":{"line":34,"column":1}},"loc":{"start":{"line":26,"column":0},"end":{"line":34,"column":1}},"line":26},"1":{"name":"simulateSARG04","decl":{"start":{"line":37,"column":7},"end":{"line":119,"column":1}},"loc":{"start":{"line":37,"column":7},"end":{"line":119,"column":1}},"line":37}},"f":{"0":650,"1":5}}
}
